2023-12-18 16:50:25,504 - INFO - Your scores:
2023-12-18 16:50:25,504 - INFO - [[-0.81233741 -1.27654624 -0.70335995]
 [-0.17129677 -1.18803311 -0.47310444]
 [-0.51590475 -1.01354314 -0.8504215 ]
 [-0.15419291 -0.48629638 -0.52901952]
 [-0.00618733 -0.12435261 -0.15226949]]
2023-12-18 16:50:39,319 - INFO - Your scores:
2023-12-18 16:50:39,319 - INFO - [[-0.81233741 -1.27654624 -0.70335995]
 [-0.17129677 -1.18803311 -0.47310444]
 [-0.51590475 -1.01354314 -0.8504215 ]
 [-0.15419291 -0.48629638 -0.52901952]
 [-0.00618733 -0.12435261 -0.15226949]]
2023-12-18 16:50:39,320 - INFO - correct scores:
2023-12-18 16:50:39,320 - INFO - [[-0.81233741 -1.27654624 -0.70335995]
 [-0.17129677 -1.18803311 -0.47310444]
 [-0.51590475 -1.01354314 -0.8504215 ]
 [-0.15419291 -0.48629638 -0.52901952]
 [-0.00618733 -0.12435261 -0.15226949]]
2023-12-18 16:50:39,320 - INFO - Difference between your scores and correct scores:
2023-12-18 16:50:39,320 - INFO - 3.6802720745909845e-08
2023-12-18 16:50:39,320 - INFO - Difference between your loss and correct loss:
2023-12-18 16:50:39,320 - INFO - 1.794120407794253e-13
2023-12-18 16:50:39,327 - INFO - W2 max relative error: 3.440708e-09
2023-12-18 16:50:39,328 - INFO - b2 max relative error: 4.447625e-11
2023-12-18 16:50:39,335 - INFO - W1 max relative error: 3.561318e-09
2023-12-18 16:50:39,337 - INFO - b1 max relative error: 2.738421e-09
2023-12-18 16:58:01,665 - INFO - Your scores:
2023-12-18 16:58:01,665 - INFO - [[-0.81233741 -1.27654624 -0.70335995]
 [-0.17129677 -1.18803311 -0.47310444]
 [-0.51590475 -1.01354314 -0.8504215 ]
 [-0.15419291 -0.48629638 -0.52901952]
 [-0.00618733 -0.12435261 -0.15226949]]
2023-12-18 16:58:01,665 - INFO - correct scores:
2023-12-18 16:58:01,665 - INFO - [[-0.81233741 -1.27654624 -0.70335995]
 [-0.17129677 -1.18803311 -0.47310444]
 [-0.51590475 -1.01354314 -0.8504215 ]
 [-0.15419291 -0.48629638 -0.52901952]
 [-0.00618733 -0.12435261 -0.15226949]]
2023-12-18 16:58:01,665 - INFO - Difference between your scores and correct scores:
2023-12-18 16:58:01,665 - INFO - 3.6802720745909845e-08
2023-12-18 16:58:01,666 - INFO - Difference between your loss and correct loss:
2023-12-18 16:58:01,666 - INFO - 1.794120407794253e-13
2023-12-18 16:58:01,673 - INFO - W2 max relative error: 3.440708e-09
2023-12-18 16:58:01,674 - INFO - b2 max relative error: 4.447625e-11
2023-12-18 16:58:01,680 - INFO - W1 max relative error: 3.561318e-09
2023-12-18 16:58:01,682 - INFO - b1 max relative error: 2.738421e-09
2023-12-18 16:58:01,697 - INFO - Final training loss: 0.01563498761185679
2023-12-18 16:58:05,576 - INFO - Train data shape: (49000, 3072)
2023-12-18 16:58:05,576 - INFO - Train labels shape: (49000,)
2023-12-18 16:58:05,576 - INFO - Validation data shape: (1000, 3072)
2023-12-18 16:58:05,576 - INFO - Validation labels shape: (1000,)
2023-12-18 16:58:05,576 - INFO - Test data shape: (1000, 3072)
2023-12-18 16:58:05,577 - INFO - Test labels shape: (1000,)
2023-12-18 16:58:24,397 - INFO - Validation accuracy: 0.29
2023-12-18 16:58:24,631 - INFO - training improved model---------------------------------
2023-12-18 17:00:26,970 - INFO - Test accuracy: 0.5
2023-12-18 17:00:40,092 - INFO - Your scores:
2023-12-18 17:00:40,092 - INFO - [[-0.81233741 -1.27654624 -0.70335995]
 [-0.17129677 -1.18803311 -0.47310444]
 [-0.51590475 -1.01354314 -0.8504215 ]
 [-0.15419291 -0.48629638 -0.52901952]
 [-0.00618733 -0.12435261 -0.15226949]]
2023-12-18 17:00:40,092 - INFO - correct scores:
2023-12-18 17:00:40,092 - INFO - [[-0.81233741 -1.27654624 -0.70335995]
 [-0.17129677 -1.18803311 -0.47310444]
 [-0.51590475 -1.01354314 -0.8504215 ]
 [-0.15419291 -0.48629638 -0.52901952]
 [-0.00618733 -0.12435261 -0.15226949]]
2023-12-18 17:00:40,093 - INFO - Difference between your scores and correct scores:
2023-12-18 17:00:40,093 - INFO - 3.6802720745909845e-08
2023-12-18 17:00:40,093 - INFO - Difference between your loss and correct loss:
2023-12-18 17:00:40,093 - INFO - 1.794120407794253e-13
2023-12-18 17:00:40,101 - INFO - W2 max relative error: 3.440708e-09
2023-12-18 17:00:40,101 - INFO - b2 max relative error: 4.447625e-11
2023-12-18 17:00:40,109 - INFO - W1 max relative error: 3.561318e-09
2023-12-18 17:00:40,112 - INFO - b1 max relative error: 2.738421e-09
2023-12-18 17:00:40,130 - INFO - Final training loss: 0.01563498761185679
2023-12-18 17:00:44,012 - INFO - Train data shape: (49000, 3072)
2023-12-18 17:00:44,012 - INFO - Train labels shape: (49000,)
2023-12-18 17:00:44,012 - INFO - Validation data shape: (1000, 3072)
2023-12-18 17:00:44,012 - INFO - Validation labels shape: (1000,)
2023-12-18 17:00:44,012 - INFO - Test data shape: (1000, 3072)
2023-12-18 17:00:44,012 - INFO - Test labels shape: (1000,)
2023-12-18 17:00:44,071 - INFO - iteration 0 / 1000: loss 2.302939
2023-12-18 17:00:45,482 - INFO - iteration 100 / 1000: loss 2.302427
2023-12-18 17:00:46,799 - INFO - iteration 200 / 1000: loss 2.298095
2023-12-18 17:00:48,857 - INFO - iteration 300 / 1000: loss 2.253179
2023-12-18 17:00:50,638 - INFO - iteration 400 / 1000: loss 2.152041
2023-12-18 17:00:52,751 - INFO - iteration 500 / 1000: loss 2.115062
2023-12-18 17:00:54,744 - INFO - iteration 600 / 1000: loss 2.067323
2023-12-18 17:00:56,897 - INFO - iteration 700 / 1000: loss 2.031150
2023-12-18 17:00:58,466 - INFO - iteration 800 / 1000: loss 1.968564
2023-12-18 17:01:00,034 - INFO - iteration 900 / 1000: loss 1.962258
2023-12-18 17:01:01,855 - INFO - Validation accuracy: 0.29
2023-12-18 17:01:02,098 - INFO - training improved model---------------------------------
2023-12-18 17:01:02,153 - INFO - iteration 0 / 2000: loss 2.304567
2023-12-18 17:01:06,852 - INFO - iteration 100 / 2000: loss 1.811210
2023-12-18 17:01:14,052 - INFO - iteration 200 / 2000: loss 1.592028
2023-12-18 17:01:18,591 - INFO - iteration 300 / 2000: loss 1.668645
2023-12-18 17:01:23,372 - INFO - iteration 400 / 2000: loss 1.612753
2023-12-18 17:01:29,133 - INFO - iteration 500 / 2000: loss 1.544612
2023-12-18 17:01:35,354 - INFO - iteration 600 / 2000: loss 1.541012
2023-12-18 17:01:40,377 - INFO - iteration 700 / 2000: loss 1.612006
2023-12-18 17:01:46,299 - INFO - iteration 800 / 2000: loss 1.465478
2023-12-18 17:01:50,574 - INFO - iteration 900 / 2000: loss 1.387026
2023-12-18 17:01:54,209 - INFO - iteration 1000 / 2000: loss 1.381234
2023-12-18 17:01:59,050 - INFO - iteration 1100 / 2000: loss 1.315372
2023-12-18 17:02:05,116 - INFO - iteration 1200 / 2000: loss 1.433530
2023-12-18 17:02:10,507 - INFO - iteration 1300 / 2000: loss 1.472661
2023-12-18 17:02:15,604 - INFO - iteration 1400 / 2000: loss 1.493697
2023-12-18 17:02:20,846 - INFO - iteration 1500 / 2000: loss 1.469434
2023-12-18 17:02:26,015 - INFO - iteration 1600 / 2000: loss 1.631583
2023-12-18 17:02:30,860 - INFO - iteration 1700 / 2000: loss 1.571146
2023-12-18 17:02:36,510 - INFO - iteration 1800 / 2000: loss 1.467535
2023-12-18 17:02:41,672 - INFO - iteration 1900 / 2000: loss 1.553305
2023-12-18 17:02:47,005 - INFO - Validation accuracy: 0.508
2023-12-18 17:02:47,187 - INFO - Test accuracy: 0.5
2023-12-18 17:03:26,760 - INFO - Your scores:
2023-12-18 17:03:26,760 - INFO - [[-0.81233741 -1.27654624 -0.70335995]
 [-0.17129677 -1.18803311 -0.47310444]
 [-0.51590475 -1.01354314 -0.8504215 ]
 [-0.15419291 -0.48629638 -0.52901952]
 [-0.00618733 -0.12435261 -0.15226949]]
2023-12-18 17:03:26,761 - INFO - correct scores:
2023-12-18 17:03:26,761 - INFO - [[-0.81233741 -1.27654624 -0.70335995]
 [-0.17129677 -1.18803311 -0.47310444]
 [-0.51590475 -1.01354314 -0.8504215 ]
 [-0.15419291 -0.48629638 -0.52901952]
 [-0.00618733 -0.12435261 -0.15226949]]
2023-12-18 17:03:26,761 - INFO - Difference between your scores and correct scores:
2023-12-18 17:03:26,761 - INFO - 3.6802720745909845e-08
2023-12-18 17:03:26,762 - INFO - Difference between your loss and correct loss:
2023-12-18 17:03:26,762 - INFO - 1.794120407794253e-13
2023-12-18 17:03:26,769 - INFO - W2 max relative error: 3.440708e-09
2023-12-18 17:03:26,769 - INFO - b2 max relative error: 4.447625e-11
2023-12-18 17:03:26,776 - INFO - W1 max relative error: 3.561318e-09
2023-12-18 17:03:26,778 - INFO - b1 max relative error: 2.738421e-09
2023-12-18 17:03:26,793 - INFO - Final training loss: 0.01563498761185679
2023-12-18 17:03:30,628 - INFO - Train data shape: (49000, 3072)
2023-12-18 17:03:30,628 - INFO - Train labels shape: (49000,)
2023-12-18 17:03:30,628 - INFO - Validation data shape: (1000, 3072)
2023-12-18 17:03:30,628 - INFO - Validation labels shape: (1000,)
2023-12-18 17:03:30,628 - INFO - Test data shape: (1000, 3072)
2023-12-18 17:03:30,628 - INFO - Test labels shape: (1000,)
2023-12-18 17:03:30,647 - INFO - iteration 0 / 1000: loss 2.302939
2023-12-18 17:03:31,945 - INFO - iteration 100 / 1000: loss 2.302427
2023-12-18 17:03:33,742 - INFO - iteration 200 / 1000: loss 2.298095
2023-12-18 17:03:35,490 - INFO - iteration 300 / 1000: loss 2.253179
2023-12-18 17:03:36,840 - INFO - iteration 400 / 1000: loss 2.152041
2023-12-18 17:03:38,840 - INFO - iteration 500 / 1000: loss 2.115062
2023-12-18 17:03:39,964 - INFO - iteration 600 / 1000: loss 2.067323
2023-12-18 17:03:41,796 - INFO - iteration 700 / 1000: loss 2.031150
2023-12-18 17:03:43,195 - INFO - iteration 800 / 1000: loss 1.968564
2023-12-18 17:03:44,404 - INFO - iteration 900 / 1000: loss 1.962258
2023-12-18 17:03:46,271 - INFO - Validation accuracy: 0.29
2023-12-18 17:03:46,500 - INFO - training improved model---------------------------------
2023-12-18 17:03:46,572 - INFO - iteration 0 / 2000: loss 2.304567
2023-12-18 17:03:52,120 - INFO - iteration 100 / 2000: loss 1.811210
2023-12-18 17:03:58,672 - INFO - iteration 200 / 2000: loss 1.592028
2023-12-18 17:04:04,748 - INFO - iteration 300 / 2000: loss 1.668645
2023-12-18 17:04:10,571 - INFO - iteration 400 / 2000: loss 1.612753
2023-12-18 17:04:17,418 - INFO - iteration 500 / 2000: loss 1.544612
2023-12-18 17:04:22,477 - INFO - iteration 600 / 2000: loss 1.541012
2023-12-18 17:04:27,523 - INFO - iteration 700 / 2000: loss 1.612006
2023-12-18 17:04:32,808 - INFO - iteration 800 / 2000: loss 1.465478
2023-12-18 17:04:38,116 - INFO - iteration 900 / 2000: loss 1.387026
2023-12-18 17:04:43,169 - INFO - iteration 1000 / 2000: loss 1.381234
2023-12-18 17:04:47,488 - INFO - iteration 1100 / 2000: loss 1.315372
2023-12-18 17:04:52,575 - INFO - iteration 1200 / 2000: loss 1.433530
2023-12-18 17:04:57,808 - INFO - iteration 1300 / 2000: loss 1.472661
2023-12-18 17:05:02,901 - INFO - iteration 1400 / 2000: loss 1.493697
2023-12-18 17:05:07,336 - INFO - iteration 1500 / 2000: loss 1.469434
2023-12-18 17:05:10,737 - INFO - iteration 1600 / 2000: loss 1.631583
2023-12-18 17:05:14,120 - INFO - iteration 1700 / 2000: loss 1.571146
2023-12-18 17:05:17,735 - INFO - iteration 1800 / 2000: loss 1.467535
2023-12-18 17:05:22,906 - INFO - iteration 1900 / 2000: loss 1.553305
2023-12-18 17:05:27,059 - INFO - Validation accuracy: 0.508
2023-12-18 17:05:27,255 - INFO - Test accuracy: 0.5
2023-12-18 17:29:05,390 - INFO - Your scores:
2023-12-18 17:29:05,390 - INFO - [[-0.81233741 -1.27654624 -0.70335995]
 [-0.17129677 -1.18803311 -0.47310444]
 [-0.51590475 -1.01354314 -0.8504215 ]
 [-0.15419291 -0.48629638 -0.52901952]
 [-0.00618733 -0.12435261 -0.15226949]]
2023-12-18 17:29:05,391 - INFO - correct scores:
2023-12-18 17:29:05,391 - INFO - [[-0.81233741 -1.27654624 -0.70335995]
 [-0.17129677 -1.18803311 -0.47310444]
 [-0.51590475 -1.01354314 -0.8504215 ]
 [-0.15419291 -0.48629638 -0.52901952]
 [-0.00618733 -0.12435261 -0.15226949]]
2023-12-18 17:29:05,391 - INFO - Difference between your scores and correct scores:
2023-12-18 17:29:05,391 - INFO - 3.6802720745909845e-08
2023-12-18 17:29:05,392 - INFO - Difference between your loss and correct loss:
2023-12-18 17:29:05,392 - INFO - 1.794120407794253e-13
2023-12-18 17:29:05,398 - INFO - W2 max relative error: 3.440708e-09
2023-12-18 17:29:05,399 - INFO - b2 max relative error: 4.447625e-11
2023-12-18 17:29:05,406 - INFO - W1 max relative error: 3.561318e-09
2023-12-18 17:29:05,408 - INFO - b1 max relative error: 2.738421e-09
2023-12-18 17:29:05,423 - INFO - Final training loss: 0.01563498761185679
2023-12-18 17:29:09,401 - INFO - Train data shape: (49000, 3072)
2023-12-18 17:29:09,402 - INFO - Train labels shape: (49000,)
2023-12-18 17:29:09,402 - INFO - Validation data shape: (1000, 3072)
2023-12-18 17:29:09,402 - INFO - Validation labels shape: (1000,)
2023-12-18 17:29:09,402 - INFO - Test data shape: (1000, 3072)
2023-12-18 17:29:09,402 - INFO - Test labels shape: (1000,)
2023-12-18 17:29:09,439 - INFO - iteration 0 / 1000: loss 2.302939
2023-12-18 17:29:11,428 - INFO - iteration 100 / 1000: loss 2.302427
2023-12-18 17:29:12,626 - INFO - iteration 200 / 1000: loss 2.298095
2023-12-18 17:29:14,148 - INFO - iteration 300 / 1000: loss 2.253179
2023-12-18 17:29:15,320 - INFO - iteration 400 / 1000: loss 2.152041
2023-12-18 17:29:16,832 - INFO - iteration 500 / 1000: loss 2.115062
2023-12-18 17:29:18,996 - INFO - iteration 600 / 1000: loss 2.067323
2023-12-18 17:29:20,435 - INFO - iteration 700 / 1000: loss 2.031150
2023-12-18 17:29:21,824 - INFO - iteration 800 / 1000: loss 1.968564
2023-12-18 17:29:23,776 - INFO - iteration 900 / 1000: loss 1.962258
2023-12-18 17:29:25,176 - INFO - Validation accuracy: 0.29
2023-12-18 17:29:25,452 - INFO - training improved model---------------------------------
2023-12-18 17:29:25,516 - INFO - iteration 0 / 2000: loss 2.304567
2023-12-18 17:29:30,468 - INFO - iteration 100 / 2000: loss 1.811210
2023-12-18 17:29:34,852 - INFO - iteration 200 / 2000: loss 1.592028
2023-12-18 17:29:40,416 - INFO - iteration 300 / 2000: loss 1.668645
2023-12-18 17:29:45,152 - INFO - iteration 400 / 2000: loss 1.612753
2023-12-18 17:29:51,244 - INFO - iteration 500 / 2000: loss 1.544612
2023-12-18 17:29:56,837 - INFO - iteration 600 / 2000: loss 1.541012
2023-12-18 17:30:03,836 - INFO - iteration 700 / 2000: loss 1.612006
2023-12-18 17:30:08,082 - INFO - iteration 800 / 2000: loss 1.465478
2023-12-18 17:30:14,808 - INFO - iteration 900 / 2000: loss 1.387026
2023-12-18 17:30:19,757 - INFO - iteration 1000 / 2000: loss 1.381234
2023-12-18 17:30:24,325 - INFO - iteration 1100 / 2000: loss 1.315372
2023-12-18 17:30:30,464 - INFO - iteration 1200 / 2000: loss 1.433530
2023-12-18 17:30:34,208 - INFO - iteration 1300 / 2000: loss 1.472661
2023-12-18 17:30:40,302 - INFO - iteration 1400 / 2000: loss 1.493697
2023-12-18 17:30:47,717 - INFO - iteration 1500 / 2000: loss 1.469434
2023-12-18 17:30:53,876 - INFO - iteration 1600 / 2000: loss 1.631583
2023-12-18 17:31:01,289 - INFO - iteration 1700 / 2000: loss 1.571146
2023-12-18 17:31:08,672 - INFO - iteration 1800 / 2000: loss 1.467535
2023-12-18 17:31:14,498 - INFO - iteration 1900 / 2000: loss 1.553305
2023-12-18 17:31:21,210 - INFO - Validation accuracy: 0.508
2023-12-18 17:31:21,374 - INFO - Test accuracy: 0.5
2023-12-18 17:31:21,374 - INFO - training 4 Layer model---------------------------------
2023-12-18 17:32:34,394 - INFO - Your scores:
2023-12-18 17:32:34,394 - INFO - [[-0.81233741 -1.27654624 -0.70335995]
 [-0.17129677 -1.18803311 -0.47310444]
 [-0.51590475 -1.01354314 -0.8504215 ]
 [-0.15419291 -0.48629638 -0.52901952]
 [-0.00618733 -0.12435261 -0.15226949]]
2023-12-18 17:32:34,394 - INFO - correct scores:
2023-12-18 17:32:34,395 - INFO - [[-0.81233741 -1.27654624 -0.70335995]
 [-0.17129677 -1.18803311 -0.47310444]
 [-0.51590475 -1.01354314 -0.8504215 ]
 [-0.15419291 -0.48629638 -0.52901952]
 [-0.00618733 -0.12435261 -0.15226949]]
2023-12-18 17:32:34,395 - INFO - Difference between your scores and correct scores:
2023-12-18 17:32:34,395 - INFO - 3.6802720745909845e-08
2023-12-18 17:32:34,395 - INFO - Difference between your loss and correct loss:
2023-12-18 17:32:34,395 - INFO - 1.794120407794253e-13
2023-12-18 17:32:34,402 - INFO - W2 max relative error: 3.440708e-09
2023-12-18 17:32:34,403 - INFO - b2 max relative error: 4.447625e-11
2023-12-18 17:32:34,410 - INFO - W1 max relative error: 3.561318e-09
2023-12-18 17:32:34,411 - INFO - b1 max relative error: 2.738421e-09
2023-12-18 17:32:34,427 - INFO - Final training loss: 0.01563498761185679
2023-12-18 17:32:38,937 - INFO - Train data shape: (49000, 3072)
2023-12-18 17:32:38,938 - INFO - Train labels shape: (49000,)
2023-12-18 17:32:38,938 - INFO - Validation data shape: (1000, 3072)
2023-12-18 17:32:38,938 - INFO - Validation labels shape: (1000,)
2023-12-18 17:32:38,938 - INFO - Test data shape: (1000, 3072)
2023-12-18 17:32:38,938 - INFO - Test labels shape: (1000,)
2023-12-18 17:32:38,980 - INFO - iteration 0 / 1000: loss 2.302939
2023-12-18 17:32:40,664 - INFO - iteration 100 / 1000: loss 2.302427
2023-12-18 17:32:42,400 - INFO - iteration 200 / 1000: loss 2.298095
2023-12-18 17:32:45,092 - INFO - iteration 300 / 1000: loss 2.253179
2023-12-18 17:32:46,894 - INFO - iteration 400 / 1000: loss 2.152041
2023-12-18 17:32:48,742 - INFO - iteration 500 / 1000: loss 2.115062
2023-12-18 17:32:50,298 - INFO - iteration 600 / 1000: loss 2.067323
2023-12-18 17:32:51,726 - INFO - iteration 700 / 1000: loss 2.031150
2023-12-18 17:32:53,756 - INFO - iteration 800 / 1000: loss 1.968564
2023-12-18 17:32:55,604 - INFO - iteration 900 / 1000: loss 1.962258
2023-12-18 17:32:57,659 - INFO - Validation accuracy: 0.29
2023-12-18 17:32:57,937 - INFO - training improved model---------------------------------
2023-12-18 17:32:57,992 - INFO - iteration 0 / 2000: loss 2.304567
2023-12-18 17:33:05,197 - INFO - iteration 100 / 2000: loss 1.811210
2023-12-18 17:33:11,837 - INFO - iteration 200 / 2000: loss 1.592028
2023-12-18 17:33:18,944 - INFO - iteration 300 / 2000: loss 1.668645
2023-12-18 17:33:25,589 - INFO - iteration 400 / 2000: loss 1.612753
2023-12-18 17:33:31,205 - INFO - iteration 500 / 2000: loss 1.544612
2023-12-18 17:33:36,216 - INFO - iteration 600 / 2000: loss 1.541012
2023-12-18 17:33:38,482 - INFO - iteration 700 / 2000: loss 1.612006
2023-12-18 17:33:40,231 - INFO - iteration 800 / 2000: loss 1.465478
2023-12-18 17:33:41,975 - INFO - iteration 900 / 2000: loss 1.387026
2023-12-18 17:33:43,538 - INFO - iteration 1000 / 2000: loss 1.381234
2023-12-18 17:33:45,043 - INFO - iteration 1100 / 2000: loss 1.315372
2023-12-18 17:33:46,579 - INFO - iteration 1200 / 2000: loss 1.433530
2023-12-18 17:33:48,135 - INFO - iteration 1300 / 2000: loss 1.472661
2023-12-18 17:33:49,647 - INFO - iteration 1400 / 2000: loss 1.493697
2023-12-18 17:33:51,193 - INFO - iteration 1500 / 2000: loss 1.469434
2023-12-18 17:33:52,694 - INFO - iteration 1600 / 2000: loss 1.631583
2023-12-18 17:33:54,411 - INFO - iteration 1700 / 2000: loss 1.571146
2023-12-18 17:33:55,917 - INFO - iteration 1800 / 2000: loss 1.467535
2023-12-18 17:33:57,444 - INFO - iteration 1900 / 2000: loss 1.553305
2023-12-18 17:33:59,032 - INFO - Validation accuracy: 0.508
2023-12-18 17:33:59,178 - INFO - Test accuracy: 0.5
2023-12-18 17:33:59,178 - INFO - training 4 Layer model---------------------------------
2023-12-18 17:34:45,385 - INFO - Your scores:
2023-12-18 17:34:45,385 - INFO - [[-0.81233741 -1.27654624 -0.70335995]
 [-0.17129677 -1.18803311 -0.47310444]
 [-0.51590475 -1.01354314 -0.8504215 ]
 [-0.15419291 -0.48629638 -0.52901952]
 [-0.00618733 -0.12435261 -0.15226949]]
2023-12-18 17:34:45,386 - INFO - correct scores:
2023-12-18 17:34:45,386 - INFO - [[-0.81233741 -1.27654624 -0.70335995]
 [-0.17129677 -1.18803311 -0.47310444]
 [-0.51590475 -1.01354314 -0.8504215 ]
 [-0.15419291 -0.48629638 -0.52901952]
 [-0.00618733 -0.12435261 -0.15226949]]
2023-12-18 17:34:45,386 - INFO - Difference between your scores and correct scores:
2023-12-18 17:34:45,386 - INFO - 3.6802720745909845e-08
2023-12-18 17:34:45,387 - INFO - Difference between your loss and correct loss:
2023-12-18 17:34:45,387 - INFO - 1.794120407794253e-13
2023-12-18 17:34:45,393 - INFO - W2 max relative error: 3.440708e-09
2023-12-18 17:34:45,394 - INFO - b2 max relative error: 4.447625e-11
2023-12-18 17:34:45,401 - INFO - W1 max relative error: 3.561318e-09
2023-12-18 17:34:45,403 - INFO - b1 max relative error: 2.738421e-09
2023-12-18 17:34:45,418 - INFO - Final training loss: 0.01563498761185679
2023-12-18 17:34:49,335 - INFO - Train data shape: (49000, 3072)
2023-12-18 17:34:49,335 - INFO - Train labels shape: (49000,)
2023-12-18 17:34:49,335 - INFO - Validation data shape: (1000, 3072)
2023-12-18 17:34:49,335 - INFO - Validation labels shape: (1000,)
2023-12-18 17:34:49,336 - INFO - Test data shape: (1000, 3072)
2023-12-18 17:34:49,336 - INFO - Test labels shape: (1000,)
2023-12-18 17:34:49,374 - INFO - iteration 0 / 1000: loss 2.302939
2023-12-18 17:34:49,909 - INFO - iteration 100 / 1000: loss 2.302427
2023-12-18 17:34:50,426 - INFO - iteration 200 / 1000: loss 2.298095
2023-12-18 17:34:50,960 - INFO - iteration 300 / 1000: loss 2.253179
2023-12-18 17:34:51,546 - INFO - iteration 400 / 1000: loss 2.152041
2023-12-18 17:34:52,120 - INFO - iteration 500 / 1000: loss 2.115062
2023-12-18 17:34:52,680 - INFO - iteration 600 / 1000: loss 2.067323
2023-12-18 17:34:53,233 - INFO - iteration 700 / 1000: loss 2.031150
2023-12-18 17:34:53,824 - INFO - iteration 800 / 1000: loss 1.968564
2023-12-18 17:34:54,394 - INFO - iteration 900 / 1000: loss 1.962258
2023-12-18 17:34:54,966 - INFO - Validation accuracy: 0.29
2023-12-18 17:34:55,192 - INFO - training improved model---------------------------------
2023-12-18 17:34:55,230 - INFO - iteration 0 / 2000: loss 2.304567
2023-12-18 17:34:56,808 - INFO - iteration 100 / 2000: loss 1.811210
2023-12-18 17:34:58,341 - INFO - iteration 200 / 2000: loss 1.592028
2023-12-18 17:34:59,902 - INFO - iteration 300 / 2000: loss 1.668645
2023-12-18 17:35:01,453 - INFO - iteration 400 / 2000: loss 1.612753
2023-12-18 17:35:03,135 - INFO - iteration 500 / 2000: loss 1.544612
2023-12-18 17:35:04,740 - INFO - iteration 600 / 2000: loss 1.541012
2023-12-18 17:35:06,344 - INFO - iteration 700 / 2000: loss 1.612006
2023-12-18 17:35:07,888 - INFO - iteration 800 / 2000: loss 1.465478
2023-12-18 17:35:09,528 - INFO - iteration 900 / 2000: loss 1.387026
2023-12-18 17:35:11,212 - INFO - iteration 1000 / 2000: loss 1.381234
2023-12-18 17:35:12,840 - INFO - iteration 1100 / 2000: loss 1.315372
2023-12-18 17:35:14,497 - INFO - iteration 1200 / 2000: loss 1.433530
2023-12-18 17:35:16,124 - INFO - iteration 1300 / 2000: loss 1.472661
2023-12-18 17:35:17,766 - INFO - iteration 1400 / 2000: loss 1.493697
2023-12-18 17:35:19,400 - INFO - iteration 1500 / 2000: loss 1.469434
2023-12-18 17:35:20,999 - INFO - iteration 1600 / 2000: loss 1.631583
2023-12-18 17:35:22,569 - INFO - iteration 1700 / 2000: loss 1.571146
2023-12-18 17:35:24,103 - INFO - iteration 1800 / 2000: loss 1.467535
2023-12-18 17:35:25,763 - INFO - iteration 1900 / 2000: loss 1.553305
2023-12-18 17:35:27,421 - INFO - Validation accuracy: 0.508
2023-12-18 17:35:27,566 - INFO - Test accuracy: 0.5
2023-12-18 17:35:27,566 - INFO - training 4 Layer model---------------------------------
2023-12-18 17:35:27,625 - INFO - iteration 0 / 2000: loss 2.304886
2023-12-18 17:35:29,778 - INFO - iteration 100 / 2000: loss 2.304502
2023-12-18 17:35:31,940 - INFO - iteration 200 / 2000: loss 2.304161
2023-12-18 17:35:34,047 - INFO - iteration 300 / 2000: loss 2.303919
2023-12-18 17:35:36,206 - INFO - iteration 400 / 2000: loss 2.303773
2023-12-18 17:35:38,403 - INFO - iteration 500 / 2000: loss 2.303595
2023-12-18 17:35:40,519 - INFO - iteration 600 / 2000: loss 2.303381
2023-12-18 17:35:42,653 - INFO - iteration 700 / 2000: loss 2.303187
2023-12-18 17:35:44,860 - INFO - iteration 800 / 2000: loss 2.303116
2023-12-18 17:35:46,986 - INFO - iteration 900 / 2000: loss 2.303133
2023-12-18 17:35:49,071 - INFO - iteration 1000 / 2000: loss 2.302842
2023-12-18 17:35:51,254 - INFO - iteration 1100 / 2000: loss 2.302908
2023-12-18 17:35:53,865 - INFO - iteration 1200 / 2000: loss 2.302960
2023-12-18 17:35:56,628 - INFO - iteration 1300 / 2000: loss 2.302800
2023-12-18 17:35:59,375 - INFO - iteration 1400 / 2000: loss 2.302680
2023-12-18 17:36:02,019 - INFO - iteration 1500 / 2000: loss 2.302771
2023-12-18 17:36:04,307 - INFO - iteration 1600 / 2000: loss 2.302790
2023-12-18 17:36:07,058 - INFO - iteration 1700 / 2000: loss 2.302726
2023-12-18 17:36:13,001 - INFO - iteration 1800 / 2000: loss 2.302609
2023-12-18 17:36:16,780 - INFO - iteration 1900 / 2000: loss 2.302702
2023-12-18 17:36:20,930 - INFO - Validation accuracy: 0.078
2023-12-18 17:36:21,103 - INFO - Test accuracy: 0.09
2023-12-18 17:38:25,443 - INFO - Your scores:
2023-12-18 17:38:25,443 - INFO - [[-0.81233741 -1.27654624 -0.70335995]
 [-0.17129677 -1.18803311 -0.47310444]
 [-0.51590475 -1.01354314 -0.8504215 ]
 [-0.15419291 -0.48629638 -0.52901952]
 [-0.00618733 -0.12435261 -0.15226949]]
2023-12-18 17:38:25,444 - INFO - correct scores:
2023-12-18 17:38:25,444 - INFO - [[-0.81233741 -1.27654624 -0.70335995]
 [-0.17129677 -1.18803311 -0.47310444]
 [-0.51590475 -1.01354314 -0.8504215 ]
 [-0.15419291 -0.48629638 -0.52901952]
 [-0.00618733 -0.12435261 -0.15226949]]
2023-12-18 17:38:25,444 - INFO - Difference between your scores and correct scores:
2023-12-18 17:38:25,444 - INFO - 3.6802720745909845e-08
2023-12-18 17:38:25,444 - INFO - Difference between your loss and correct loss:
2023-12-18 17:38:25,444 - INFO - 1.794120407794253e-13
2023-12-18 17:38:25,451 - INFO - W2 max relative error: 3.440708e-09
2023-12-18 17:38:25,452 - INFO - b2 max relative error: 4.447625e-11
2023-12-18 17:38:25,459 - INFO - W1 max relative error: 3.561318e-09
2023-12-18 17:38:25,460 - INFO - b1 max relative error: 2.738421e-09
2023-12-18 17:38:25,476 - INFO - Final training loss: 0.01563498761185679
2023-12-18 17:38:30,060 - INFO - Train data shape: (49000, 3072)
2023-12-18 17:38:30,061 - INFO - Train labels shape: (49000,)
2023-12-18 17:38:30,061 - INFO - Validation data shape: (1000, 3072)
2023-12-18 17:38:30,061 - INFO - Validation labels shape: (1000,)
2023-12-18 17:38:30,061 - INFO - Test data shape: (1000, 3072)
2023-12-18 17:38:30,062 - INFO - Test labels shape: (1000,)
2023-12-18 17:38:30,076 - INFO - iteration 0 / 1000: loss 2.302939
2023-12-18 17:38:30,844 - INFO - iteration 100 / 1000: loss 2.302427
2023-12-18 17:38:32,804 - INFO - iteration 200 / 1000: loss 2.298095
2023-12-18 17:38:34,464 - INFO - iteration 300 / 1000: loss 2.253179
2023-12-18 17:38:36,251 - INFO - iteration 400 / 1000: loss 2.152041
2023-12-18 17:38:37,551 - INFO - iteration 500 / 1000: loss 2.115062
2023-12-18 17:38:39,416 - INFO - iteration 600 / 1000: loss 2.067323
2023-12-18 17:38:40,770 - INFO - iteration 700 / 1000: loss 2.031150
2023-12-18 17:38:42,177 - INFO - iteration 800 / 1000: loss 1.968564
2023-12-18 17:38:43,946 - INFO - iteration 900 / 1000: loss 1.962258
2023-12-18 17:38:45,357 - INFO - Validation accuracy: 0.29
2023-12-18 17:38:45,614 - INFO - training 4 Layer model---------------------------------
2023-12-18 17:38:45,672 - INFO - iteration 0 / 2000: loss 2.304885
2023-12-18 17:38:52,346 - INFO - iteration 100 / 2000: loss 2.303007
2023-12-18 17:38:59,499 - INFO - iteration 200 / 2000: loss 2.302968
2023-12-18 17:39:06,415 - INFO - iteration 300 / 2000: loss 2.302731
2023-12-18 17:39:11,825 - INFO - iteration 400 / 2000: loss 2.303504
2023-12-18 17:39:16,860 - INFO - iteration 500 / 2000: loss 2.303094
2023-12-18 17:39:22,081 - INFO - iteration 600 / 2000: loss 2.302568
2023-12-18 17:39:26,739 - INFO - iteration 700 / 2000: loss 2.302207
2023-12-18 17:39:33,225 - INFO - iteration 800 / 2000: loss 2.302959
2023-12-18 17:39:37,773 - INFO - iteration 900 / 2000: loss 2.302577
2023-12-18 17:39:43,957 - INFO - iteration 1000 / 2000: loss 2.302717
2023-12-18 17:39:48,813 - INFO - iteration 1100 / 2000: loss 2.302933
2023-12-18 17:39:53,785 - INFO - iteration 1200 / 2000: loss 2.302541
2023-12-18 17:39:59,114 - INFO - iteration 1300 / 2000: loss 2.302352
2023-12-18 17:40:03,734 - INFO - iteration 1400 / 2000: loss 2.302732
2023-12-18 17:40:08,788 - INFO - iteration 1500 / 2000: loss 2.303268
2023-12-18 17:40:13,055 - INFO - iteration 1600 / 2000: loss 2.302706
2023-12-18 17:40:16,936 - INFO - iteration 1700 / 2000: loss 2.303080
2023-12-18 17:40:21,785 - INFO - iteration 1800 / 2000: loss 2.302481
2023-12-18 17:40:26,877 - INFO - iteration 1900 / 2000: loss 2.302790
2023-12-18 17:40:30,774 - INFO - Validation accuracy: 0.079
2023-12-18 17:40:31,434 - INFO - Test accuracy: 0.1
2023-12-18 17:41:14,485 - INFO - Your scores:
2023-12-18 17:41:14,485 - INFO - [[-0.81233741 -1.27654624 -0.70335995]
 [-0.17129677 -1.18803311 -0.47310444]
 [-0.51590475 -1.01354314 -0.8504215 ]
 [-0.15419291 -0.48629638 -0.52901952]
 [-0.00618733 -0.12435261 -0.15226949]]
2023-12-18 17:41:14,486 - INFO - correct scores:
2023-12-18 17:41:14,486 - INFO - [[-0.81233741 -1.27654624 -0.70335995]
 [-0.17129677 -1.18803311 -0.47310444]
 [-0.51590475 -1.01354314 -0.8504215 ]
 [-0.15419291 -0.48629638 -0.52901952]
 [-0.00618733 -0.12435261 -0.15226949]]
2023-12-18 17:41:14,486 - INFO - Difference between your scores and correct scores:
2023-12-18 17:41:14,486 - INFO - 3.6802720745909845e-08
2023-12-18 17:41:14,486 - INFO - Difference between your loss and correct loss:
2023-12-18 17:41:14,486 - INFO - 1.794120407794253e-13
2023-12-18 17:41:14,493 - INFO - W2 max relative error: 3.440708e-09
2023-12-18 17:41:14,494 - INFO - b2 max relative error: 4.447625e-11
2023-12-18 17:41:14,501 - INFO - W1 max relative error: 3.561318e-09
2023-12-18 17:41:14,502 - INFO - b1 max relative error: 2.738421e-09
2023-12-18 17:41:14,518 - INFO - Final training loss: 0.01563498761185679
2023-12-18 17:41:18,761 - INFO - Train data shape: (49000, 3072)
2023-12-18 17:41:18,762 - INFO - Train labels shape: (49000,)
2023-12-18 17:41:18,762 - INFO - Validation data shape: (1000, 3072)
2023-12-18 17:41:18,762 - INFO - Validation labels shape: (1000,)
2023-12-18 17:41:18,762 - INFO - Test data shape: (1000, 3072)
2023-12-18 17:41:18,762 - INFO - Test labels shape: (1000,)
2023-12-18 17:41:18,776 - INFO - iteration 0 / 1000: loss 2.302939
2023-12-18 17:41:20,745 - INFO - iteration 100 / 1000: loss 2.302427
2023-12-18 17:41:22,540 - INFO - iteration 200 / 1000: loss 2.298095
2023-12-18 17:41:24,033 - INFO - iteration 300 / 1000: loss 2.253179
2023-12-18 17:41:25,492 - INFO - iteration 400 / 1000: loss 2.152041
2023-12-18 17:41:27,227 - INFO - iteration 500 / 1000: loss 2.115062
2023-12-18 17:41:28,816 - INFO - iteration 600 / 1000: loss 2.067323
2023-12-18 17:41:30,421 - INFO - iteration 700 / 1000: loss 2.031150
2023-12-18 17:41:31,568 - INFO - iteration 800 / 1000: loss 1.968564
2023-12-18 17:41:32,810 - INFO - iteration 900 / 1000: loss 1.962258
2023-12-18 17:41:34,507 - INFO - Validation accuracy: 0.29
2023-12-18 17:41:34,735 - INFO - training 4 Layer model---------------------------------
2023-12-18 17:41:34,753 - INFO - iteration 0 / 1000: loss 2.302984
2023-12-18 17:41:36,732 - INFO - iteration 100 / 1000: loss 2.302904
2023-12-18 17:41:38,117 - INFO - iteration 200 / 1000: loss 2.302840
2023-12-18 17:41:39,616 - INFO - iteration 300 / 1000: loss 2.302816
2023-12-18 17:41:41,452 - INFO - iteration 400 / 1000: loss 2.302901
2023-12-18 17:41:43,711 - INFO - iteration 500 / 1000: loss 2.302775
2023-12-18 17:41:44,913 - INFO - iteration 600 / 1000: loss 2.302610
2023-12-18 17:41:47,407 - INFO - iteration 700 / 1000: loss 2.302784
2023-12-18 17:41:48,519 - INFO - iteration 800 / 1000: loss 2.302614
2023-12-18 17:41:50,308 - INFO - iteration 900 / 1000: loss 2.302646
2023-12-18 17:41:51,531 - INFO - Validation accuracy: 0.079
2023-12-18 17:41:51,663 - INFO - Test accuracy: 0.1
2023-12-18 17:46:19,871 - INFO - Your scores:
2023-12-18 17:46:19,871 - INFO - [[-0.81233741 -1.27654624 -0.70335995]
 [-0.17129677 -1.18803311 -0.47310444]
 [-0.51590475 -1.01354314 -0.8504215 ]
 [-0.15419291 -0.48629638 -0.52901952]
 [-0.00618733 -0.12435261 -0.15226949]]
2023-12-18 17:46:19,871 - INFO - correct scores:
2023-12-18 17:46:19,871 - INFO - [[-0.81233741 -1.27654624 -0.70335995]
 [-0.17129677 -1.18803311 -0.47310444]
 [-0.51590475 -1.01354314 -0.8504215 ]
 [-0.15419291 -0.48629638 -0.52901952]
 [-0.00618733 -0.12435261 -0.15226949]]
2023-12-18 17:46:19,872 - INFO - Difference between your scores and correct scores:
2023-12-18 17:46:19,872 - INFO - 3.6802720745909845e-08
2023-12-18 17:46:19,872 - INFO - Difference between your loss and correct loss:
2023-12-18 17:46:19,872 - INFO - 1.794120407794253e-13
2023-12-18 17:46:19,879 - INFO - W2 max relative error: 3.440708e-09
2023-12-18 17:46:19,879 - INFO - b2 max relative error: 4.447625e-11
2023-12-18 17:46:19,886 - INFO - W1 max relative error: 3.561318e-09
2023-12-18 17:46:19,888 - INFO - b1 max relative error: 2.738421e-09
2023-12-18 17:46:19,903 - INFO - Final training loss: 0.01563498761185679
2023-12-18 17:46:23,914 - INFO - Train data shape: (49000, 3072)
2023-12-18 17:46:23,914 - INFO - Train labels shape: (49000,)
2023-12-18 17:46:23,914 - INFO - Validation data shape: (1000, 3072)
2023-12-18 17:46:23,914 - INFO - Validation labels shape: (1000,)
2023-12-18 17:46:23,914 - INFO - Test data shape: (1000, 3072)
2023-12-18 17:46:23,914 - INFO - Test labels shape: (1000,)
2023-12-18 17:46:23,927 - INFO - iteration 0 / 1000: loss 2.302939
2023-12-18 17:46:25,999 - INFO - iteration 100 / 1000: loss 2.302427
2023-12-18 17:46:29,539 - INFO - iteration 200 / 1000: loss 2.298095
2023-12-18 17:46:32,422 - INFO - iteration 300 / 1000: loss 2.253179
2023-12-18 17:46:34,756 - INFO - iteration 400 / 1000: loss 2.152041
2023-12-18 17:46:36,629 - INFO - iteration 500 / 1000: loss 2.115062
2023-12-18 17:46:38,377 - INFO - iteration 600 / 1000: loss 2.067323
2023-12-18 17:46:40,410 - INFO - iteration 700 / 1000: loss 2.031150
2023-12-18 17:46:41,846 - INFO - iteration 800 / 1000: loss 1.968564
2023-12-18 17:46:43,945 - INFO - iteration 900 / 1000: loss 1.962258
2023-12-18 17:46:45,588 - INFO - Validation accuracy: 0.29
2023-12-18 17:46:45,818 - INFO - training 4 Layer model---------------------------------
2023-12-18 17:46:45,845 - INFO - iteration 0 / 1000: loss 2.302984
2023-12-18 17:46:48,060 - INFO - iteration 100 / 1000: loss 2.302593
2023-12-18 17:46:50,582 - INFO - iteration 200 / 1000: loss 2.302561
2023-12-18 17:46:53,221 - INFO - iteration 300 / 1000: loss 2.302769
2023-12-18 17:46:55,363 - INFO - iteration 400 / 1000: loss 2.304214
2023-12-18 17:46:57,476 - INFO - iteration 500 / 1000: loss 2.302643
2023-12-18 17:46:59,696 - INFO - iteration 600 / 1000: loss 2.301626
2023-12-18 17:47:01,694 - INFO - iteration 700 / 1000: loss 2.303623
2023-12-18 17:47:03,885 - INFO - iteration 800 / 1000: loss 2.302027
2023-12-18 17:47:06,559 - INFO - iteration 900 / 1000: loss 2.303191
2023-12-18 17:47:08,127 - INFO - Validation accuracy: 0.105
2023-12-18 17:47:08,249 - INFO - Test accuracy: 0.109
2023-12-18 17:48:10,202 - INFO - Your scores:
2023-12-18 17:48:10,202 - INFO - [[-0.81233741 -1.27654624 -0.70335995]
 [-0.17129677 -1.18803311 -0.47310444]
 [-0.51590475 -1.01354314 -0.8504215 ]
 [-0.15419291 -0.48629638 -0.52901952]
 [-0.00618733 -0.12435261 -0.15226949]]
2023-12-18 17:48:10,202 - INFO - correct scores:
2023-12-18 17:48:10,203 - INFO - [[-0.81233741 -1.27654624 -0.70335995]
 [-0.17129677 -1.18803311 -0.47310444]
 [-0.51590475 -1.01354314 -0.8504215 ]
 [-0.15419291 -0.48629638 -0.52901952]
 [-0.00618733 -0.12435261 -0.15226949]]
2023-12-18 17:48:10,203 - INFO - Difference between your scores and correct scores:
2023-12-18 17:48:10,203 - INFO - 3.6802720745909845e-08
2023-12-18 17:48:10,203 - INFO - Difference between your loss and correct loss:
2023-12-18 17:48:10,203 - INFO - 1.794120407794253e-13
2023-12-18 17:48:10,210 - INFO - W2 max relative error: 3.440708e-09
2023-12-18 17:48:10,211 - INFO - b2 max relative error: 4.447625e-11
2023-12-18 17:48:10,218 - INFO - W1 max relative error: 3.561318e-09
2023-12-18 17:48:10,220 - INFO - b1 max relative error: 2.738421e-09
2023-12-18 17:48:10,236 - INFO - Final training loss: 0.01563498761185679
2023-12-18 17:48:14,848 - INFO - Train data shape: (49000, 3072)
2023-12-18 17:48:14,848 - INFO - Train labels shape: (49000,)
2023-12-18 17:48:14,848 - INFO - Validation data shape: (1000, 3072)
2023-12-18 17:48:14,848 - INFO - Validation labels shape: (1000,)
2023-12-18 17:48:14,848 - INFO - Test data shape: (1000, 3072)
2023-12-18 17:48:14,849 - INFO - Test labels shape: (1000,)
2023-12-18 17:48:15,011 - INFO - iteration 0 / 1000: loss 2.302939
2023-12-18 17:48:16,478 - INFO - iteration 100 / 1000: loss 2.302427
2023-12-18 17:48:18,076 - INFO - iteration 200 / 1000: loss 2.298095
2023-12-18 17:48:19,734 - INFO - iteration 300 / 1000: loss 2.253179
2023-12-18 17:48:21,098 - INFO - iteration 400 / 1000: loss 2.152041
2023-12-18 17:48:23,034 - INFO - iteration 500 / 1000: loss 2.115062
2023-12-18 17:48:24,443 - INFO - iteration 600 / 1000: loss 2.067323
2023-12-18 17:48:26,024 - INFO - iteration 700 / 1000: loss 2.031150
2023-12-18 17:48:27,692 - INFO - iteration 800 / 1000: loss 1.968564
2023-12-18 17:48:29,368 - INFO - iteration 900 / 1000: loss 1.962258
2023-12-18 17:48:31,111 - INFO - Validation accuracy: 0.29
2023-12-18 17:48:31,375 - INFO - training 4 Layer model---------------------------------
2023-12-18 17:48:31,390 - INFO - iteration 0 / 1000: loss 2.302585
2023-12-18 17:48:34,336 - INFO - iteration 100 / 1000: loss 2.302593
2023-12-18 17:48:36,720 - INFO - iteration 200 / 1000: loss 2.302561
2023-12-18 17:48:39,105 - INFO - iteration 300 / 1000: loss 2.302769
2023-12-18 17:48:41,654 - INFO - iteration 400 / 1000: loss 2.304214
2023-12-18 17:48:43,974 - INFO - iteration 500 / 1000: loss 2.302643
2023-12-18 17:48:46,772 - INFO - iteration 600 / 1000: loss 2.301626
2023-12-18 17:48:48,916 - INFO - iteration 700 / 1000: loss 2.303623
2023-12-18 17:48:50,966 - INFO - iteration 800 / 1000: loss 2.302027
2023-12-18 17:48:53,381 - INFO - iteration 900 / 1000: loss 2.303191
2023-12-18 17:48:55,129 - INFO - Validation accuracy: 0.105
2023-12-18 17:48:55,273 - INFO - Test accuracy: 0.109
2023-12-18 17:53:34,056 - INFO - Your scores:
2023-12-18 17:53:34,056 - INFO - [[-0.81233741 -1.27654624 -0.70335995]
 [-0.17129677 -1.18803311 -0.47310444]
 [-0.51590475 -1.01354314 -0.8504215 ]
 [-0.15419291 -0.48629638 -0.52901952]
 [-0.00618733 -0.12435261 -0.15226949]]
2023-12-18 17:53:34,056 - INFO - correct scores:
2023-12-18 17:53:34,057 - INFO - [[-0.81233741 -1.27654624 -0.70335995]
 [-0.17129677 -1.18803311 -0.47310444]
 [-0.51590475 -1.01354314 -0.8504215 ]
 [-0.15419291 -0.48629638 -0.52901952]
 [-0.00618733 -0.12435261 -0.15226949]]
2023-12-18 17:53:34,057 - INFO - Difference between your scores and correct scores:
2023-12-18 17:53:34,057 - INFO - 3.6802720745909845e-08
2023-12-18 17:53:34,057 - INFO - Difference between your loss and correct loss:
2023-12-18 17:53:34,057 - INFO - 1.794120407794253e-13
2023-12-18 17:53:34,064 - INFO - W2 max relative error: 3.440708e-09
2023-12-18 17:53:34,065 - INFO - b2 max relative error: 4.447625e-11
2023-12-18 17:53:34,072 - INFO - W1 max relative error: 3.561318e-09
2023-12-18 17:53:34,073 - INFO - b1 max relative error: 2.738421e-09
2023-12-18 17:53:34,089 - INFO - Final training loss: 0.01563498761185679
2023-12-18 17:53:38,027 - INFO - Train data shape: (49000, 3072)
2023-12-18 17:53:38,028 - INFO - Train labels shape: (49000,)
2023-12-18 17:53:38,028 - INFO - Validation data shape: (1000, 3072)
2023-12-18 17:53:38,028 - INFO - Validation labels shape: (1000,)
2023-12-18 17:53:38,028 - INFO - Test data shape: (1000, 3072)
2023-12-18 17:53:38,028 - INFO - Test labels shape: (1000,)
2023-12-18 17:53:38,077 - INFO - iteration 0 / 1000: loss 2.302939
2023-12-18 17:53:39,271 - INFO - iteration 100 / 1000: loss 2.302427
2023-12-18 17:53:41,104 - INFO - iteration 200 / 1000: loss 2.298095
2023-12-18 17:53:42,646 - INFO - iteration 300 / 1000: loss 2.253179
2023-12-18 17:53:44,297 - INFO - iteration 400 / 1000: loss 2.152041
2023-12-18 17:53:45,786 - INFO - iteration 500 / 1000: loss 2.115062
2023-12-18 17:53:47,565 - INFO - iteration 600 / 1000: loss 2.067323
2023-12-18 17:53:48,420 - INFO - iteration 700 / 1000: loss 2.031150
2023-12-18 17:53:49,519 - INFO - iteration 800 / 1000: loss 1.968564
2023-12-18 17:53:51,083 - INFO - iteration 900 / 1000: loss 1.962258
2023-12-18 17:53:52,021 - INFO - Validation accuracy: 0.29
2023-12-18 17:53:52,250 - INFO - training 4 Layer model---------------------------------
2023-12-18 17:53:52,297 - INFO - iteration 0 / 1000: loss 2.302585
2023-12-18 17:53:55,524 - INFO - iteration 100 / 1000: loss 2.302585
2023-12-18 17:53:58,537 - INFO - iteration 200 / 1000: loss 2.302582
2023-12-18 17:54:01,559 - INFO - iteration 300 / 1000: loss 2.302576
2023-12-18 17:54:03,673 - INFO - iteration 400 / 1000: loss 2.302590
2023-12-18 17:54:06,317 - INFO - iteration 500 / 1000: loss 2.302590
2023-12-18 17:54:08,801 - INFO - iteration 600 / 1000: loss 2.302581
2023-12-18 17:54:11,568 - INFO - iteration 700 / 1000: loss 2.302593
2023-12-18 17:54:14,328 - INFO - iteration 800 / 1000: loss 2.302589
2023-12-18 17:54:17,546 - INFO - iteration 900 / 1000: loss 2.302583
2023-12-18 17:54:20,759 - INFO - Validation accuracy: 0.079
2023-12-18 17:54:21,317 - INFO - Test accuracy: 0.1
2023-12-18 17:54:41,801 - INFO - Your scores:
2023-12-18 17:54:41,801 - INFO - [[-0.81233741 -1.27654624 -0.70335995]
 [-0.17129677 -1.18803311 -0.47310444]
 [-0.51590475 -1.01354314 -0.8504215 ]
 [-0.15419291 -0.48629638 -0.52901952]
 [-0.00618733 -0.12435261 -0.15226949]]
2023-12-18 17:54:41,801 - INFO - correct scores:
2023-12-18 17:54:41,801 - INFO - [[-0.81233741 -1.27654624 -0.70335995]
 [-0.17129677 -1.18803311 -0.47310444]
 [-0.51590475 -1.01354314 -0.8504215 ]
 [-0.15419291 -0.48629638 -0.52901952]
 [-0.00618733 -0.12435261 -0.15226949]]
2023-12-18 17:54:41,802 - INFO - Difference between your scores and correct scores:
2023-12-18 17:54:41,802 - INFO - 3.6802720745909845e-08
2023-12-18 17:54:41,802 - INFO - Difference between your loss and correct loss:
2023-12-18 17:54:41,802 - INFO - 1.794120407794253e-13
2023-12-18 17:54:41,809 - INFO - W2 max relative error: 3.440708e-09
2023-12-18 17:54:41,810 - INFO - b2 max relative error: 4.447625e-11
2023-12-18 17:54:41,816 - INFO - W1 max relative error: 3.561318e-09
2023-12-18 17:54:41,818 - INFO - b1 max relative error: 2.738421e-09
2023-12-18 17:54:41,833 - INFO - Final training loss: 0.01563498761185679
2023-12-18 17:54:46,766 - INFO - Train data shape: (49000, 3072)
2023-12-18 17:54:46,766 - INFO - Train labels shape: (49000,)
2023-12-18 17:54:46,766 - INFO - Validation data shape: (1000, 3072)
2023-12-18 17:54:46,766 - INFO - Validation labels shape: (1000,)
2023-12-18 17:54:46,766 - INFO - Test data shape: (1000, 3072)
2023-12-18 17:54:46,767 - INFO - Test labels shape: (1000,)
2023-12-18 17:54:46,792 - INFO - iteration 0 / 1000: loss 2.302939
2023-12-18 17:54:47,665 - INFO - iteration 100 / 1000: loss 2.302427
2023-12-18 17:54:49,631 - INFO - iteration 200 / 1000: loss 2.298095
2023-12-18 17:54:51,286 - INFO - iteration 300 / 1000: loss 2.253179
2023-12-18 17:54:53,206 - INFO - iteration 400 / 1000: loss 2.152041
2023-12-18 17:54:54,836 - INFO - iteration 500 / 1000: loss 2.115062
2023-12-18 17:54:56,431 - INFO - iteration 600 / 1000: loss 2.067323
2023-12-18 17:54:57,291 - INFO - iteration 700 / 1000: loss 2.031150
2023-12-18 17:54:58,845 - INFO - iteration 800 / 1000: loss 1.968564
2023-12-18 17:54:59,672 - INFO - iteration 900 / 1000: loss 1.962258
2023-12-18 17:55:00,459 - INFO - Validation accuracy: 0.29
2023-12-18 17:55:00,761 - INFO - training 4 Layer model---------------------------------
2023-12-18 17:55:01,106 - INFO - iteration 0 / 10000: loss 2.302585
2023-12-18 17:55:05,228 - INFO - iteration 100 / 10000: loss 2.302468
2023-12-18 17:55:07,741 - INFO - iteration 200 / 10000: loss 2.301100
2023-12-18 17:55:10,339 - INFO - iteration 300 / 10000: loss 2.299496
2023-12-18 17:55:12,989 - INFO - iteration 400 / 10000: loss 2.303530
2023-12-18 17:55:15,012 - INFO - iteration 500 / 10000: loss 2.304074
2023-12-18 17:55:18,142 - INFO - iteration 600 / 10000: loss 2.302524
2023-12-18 17:55:21,244 - INFO - iteration 700 / 10000: loss 2.302682
2023-12-18 17:55:23,542 - INFO - iteration 800 / 10000: loss 2.302254
2023-12-18 17:55:26,045 - INFO - iteration 900 / 10000: loss 2.300926
2023-12-18 17:55:29,314 - INFO - iteration 1000 / 10000: loss 2.303997
2023-12-18 17:55:32,654 - INFO - iteration 1100 / 10000: loss 2.302077
2023-12-18 17:55:36,005 - INFO - iteration 1200 / 10000: loss 2.303178
2023-12-18 17:55:37,776 - INFO - iteration 1300 / 10000: loss 2.301979
2023-12-18 17:55:40,450 - INFO - iteration 1400 / 10000: loss 2.302899
2023-12-18 17:55:43,768 - INFO - iteration 1500 / 10000: loss 2.303371
2023-12-18 17:55:45,683 - INFO - iteration 1600 / 10000: loss 2.301475
2023-12-18 17:55:48,593 - INFO - iteration 1700 / 10000: loss 2.305381
2023-12-18 17:55:51,204 - INFO - iteration 1800 / 10000: loss 2.302793
2023-12-18 17:55:53,526 - INFO - iteration 1900 / 10000: loss 2.302720
2023-12-18 17:55:56,017 - INFO - iteration 2000 / 10000: loss 2.301987
2023-12-18 17:55:59,026 - INFO - iteration 2100 / 10000: loss 2.301314
2023-12-18 17:56:01,067 - INFO - iteration 2200 / 10000: loss 2.302781
2023-12-18 17:56:03,632 - INFO - iteration 2300 / 10000: loss 2.302838
2023-12-18 17:56:06,159 - INFO - iteration 2400 / 10000: loss 2.301479
2023-12-18 17:56:08,347 - INFO - iteration 2500 / 10000: loss 2.302846
2023-12-18 17:56:10,848 - INFO - iteration 2600 / 10000: loss 2.303192
2023-12-18 17:56:13,422 - INFO - iteration 2700 / 10000: loss 2.302361
2023-12-18 17:56:15,799 - INFO - iteration 2800 / 10000: loss 2.302795
2023-12-18 17:56:18,244 - INFO - iteration 2900 / 10000: loss 2.302927
2023-12-18 17:56:20,489 - INFO - iteration 3000 / 10000: loss 2.302547
2023-12-18 17:56:23,135 - INFO - iteration 3100 / 10000: loss 2.302864
2023-12-18 17:56:25,346 - INFO - iteration 3200 / 10000: loss 2.303225
2023-12-18 17:56:27,757 - INFO - iteration 3300 / 10000: loss 2.302878
2023-12-18 17:56:30,312 - INFO - iteration 3400 / 10000: loss 2.302259
2023-12-18 17:56:32,537 - INFO - iteration 3500 / 10000: loss 2.303163
2023-12-18 17:56:34,832 - INFO - iteration 3600 / 10000: loss 2.303134
2023-12-18 17:56:37,227 - INFO - iteration 3700 / 10000: loss 2.302399
2023-12-18 17:56:39,729 - INFO - iteration 3800 / 10000: loss 2.303188
2023-12-18 17:56:42,002 - INFO - iteration 3900 / 10000: loss 2.300441
2023-12-18 17:56:44,380 - INFO - iteration 4000 / 10000: loss 2.301620
2023-12-18 17:56:46,910 - INFO - iteration 4100 / 10000: loss 2.302494
2023-12-18 17:56:49,250 - INFO - iteration 4200 / 10000: loss 2.303644
2023-12-18 17:56:51,660 - INFO - iteration 4300 / 10000: loss 2.302412
2023-12-18 17:56:53,841 - INFO - iteration 4400 / 10000: loss 2.303525
2023-12-18 17:56:56,248 - INFO - iteration 4500 / 10000: loss 2.300968
2023-12-18 17:56:58,384 - INFO - iteration 4600 / 10000: loss 2.302300
2023-12-18 17:57:00,614 - INFO - iteration 4700 / 10000: loss 2.302883
2023-12-18 17:57:02,890 - INFO - iteration 4800 / 10000: loss 2.302500
2023-12-18 17:57:05,119 - INFO - iteration 4900 / 10000: loss 2.302825
2023-12-18 17:57:07,301 - INFO - iteration 5000 / 10000: loss 2.302824
2023-12-18 17:57:09,496 - INFO - iteration 5100 / 10000: loss 2.302385
2023-12-18 17:57:11,917 - INFO - iteration 5200 / 10000: loss 2.302855
2023-12-18 17:57:14,318 - INFO - iteration 5300 / 10000: loss 2.302680
2023-12-18 17:57:17,096 - INFO - iteration 5400 / 10000: loss 2.302664
2023-12-18 17:57:19,793 - INFO - iteration 5500 / 10000: loss 2.303048
2023-12-18 17:57:22,285 - INFO - iteration 5600 / 10000: loss 2.302073
2023-12-18 17:57:24,924 - INFO - iteration 5700 / 10000: loss 2.301360
2023-12-18 17:57:27,144 - INFO - iteration 5800 / 10000: loss 2.302149
2023-12-18 17:57:29,586 - INFO - iteration 5900 / 10000: loss 2.302750
2023-12-18 17:57:32,162 - INFO - iteration 6000 / 10000: loss 2.302461
2023-12-18 17:57:34,367 - INFO - iteration 6100 / 10000: loss 2.302256
2023-12-18 17:57:36,763 - INFO - iteration 6200 / 10000: loss 2.302740
2023-12-18 17:57:39,565 - INFO - iteration 6300 / 10000: loss 2.302867
2023-12-18 17:57:42,055 - INFO - iteration 6400 / 10000: loss 2.303427
2023-12-18 17:57:44,423 - INFO - iteration 6500 / 10000: loss 2.302454
2023-12-18 17:57:46,501 - INFO - iteration 6600 / 10000: loss 2.302519
2023-12-18 17:57:48,872 - INFO - iteration 6700 / 10000: loss 2.302553
2023-12-18 17:57:51,264 - INFO - iteration 6800 / 10000: loss 2.303244
2023-12-18 17:57:53,864 - INFO - iteration 6900 / 10000: loss 2.303343
2023-12-18 17:57:56,489 - INFO - iteration 7000 / 10000: loss 2.302730
2023-12-18 17:57:59,005 - INFO - iteration 7100 / 10000: loss 2.301938
2023-12-18 17:58:01,289 - INFO - iteration 7200 / 10000: loss 2.302567
2023-12-18 17:58:03,819 - INFO - iteration 7300 / 10000: loss 2.302923
2023-12-18 17:58:06,124 - INFO - iteration 7400 / 10000: loss 2.302235
2023-12-18 17:58:08,496 - INFO - iteration 7500 / 10000: loss 2.302962
2023-12-18 17:58:10,993 - INFO - iteration 7600 / 10000: loss 2.303354
2023-12-18 17:58:13,240 - INFO - iteration 7700 / 10000: loss 2.302406
2023-12-18 17:58:14,807 - INFO - iteration 7800 / 10000: loss 2.302479
2023-12-18 17:58:17,713 - INFO - iteration 7900 / 10000: loss 2.301126
2023-12-18 17:58:19,892 - INFO - iteration 8000 / 10000: loss 2.302348
2023-12-18 17:58:22,105 - INFO - iteration 8100 / 10000: loss 2.302835
2023-12-18 17:58:24,427 - INFO - iteration 8200 / 10000: loss 2.302013
2023-12-18 17:58:26,645 - INFO - iteration 8300 / 10000: loss 2.302628
2023-12-18 17:58:30,788 - INFO - iteration 8400 / 10000: loss 2.302505
2023-12-18 17:58:32,949 - INFO - iteration 8500 / 10000: loss 2.302566
2023-12-18 17:58:34,315 - INFO - iteration 8600 / 10000: loss 2.302361
2023-12-18 17:58:35,881 - INFO - iteration 8700 / 10000: loss 2.302757
2023-12-18 17:58:37,782 - INFO - iteration 8800 / 10000: loss 2.301820
2023-12-18 17:58:39,294 - INFO - iteration 8900 / 10000: loss 2.303150
2023-12-18 17:58:40,827 - INFO - iteration 9000 / 10000: loss 2.302552
2023-12-18 17:58:42,811 - INFO - iteration 9100 / 10000: loss 2.302784
2023-12-18 17:58:45,115 - INFO - iteration 9200 / 10000: loss 2.301551
2023-12-18 17:58:46,744 - INFO - iteration 9300 / 10000: loss 2.302463
2023-12-18 17:58:48,403 - INFO - iteration 9400 / 10000: loss 2.302488
2023-12-18 17:58:49,918 - INFO - iteration 9500 / 10000: loss 2.302156
2023-12-18 17:58:51,949 - INFO - iteration 9600 / 10000: loss 2.302416
2023-12-18 17:58:53,318 - INFO - iteration 9700 / 10000: loss 2.303256
2023-12-18 17:58:55,040 - INFO - iteration 9800 / 10000: loss 2.301894
2023-12-18 17:58:57,471 - INFO - iteration 9900 / 10000: loss 2.302500
2023-12-18 17:58:59,108 - INFO - Validation accuracy: 0.102
2023-12-18 17:58:59,243 - INFO - Test accuracy: 0.112
2023-12-18 18:06:12,743 - INFO - Your scores:
2023-12-18 18:06:12,743 - INFO - [[-0.81233741 -1.27654624 -0.70335995]
 [-0.17129677 -1.18803311 -0.47310444]
 [-0.51590475 -1.01354314 -0.8504215 ]
 [-0.15419291 -0.48629638 -0.52901952]
 [-0.00618733 -0.12435261 -0.15226949]]
2023-12-18 18:06:12,744 - INFO - correct scores:
2023-12-18 18:06:12,744 - INFO - [[-0.81233741 -1.27654624 -0.70335995]
 [-0.17129677 -1.18803311 -0.47310444]
 [-0.51590475 -1.01354314 -0.8504215 ]
 [-0.15419291 -0.48629638 -0.52901952]
 [-0.00618733 -0.12435261 -0.15226949]]
2023-12-18 18:06:12,744 - INFO - Difference between your scores and correct scores:
2023-12-18 18:06:12,744 - INFO - 3.6802720745909845e-08
2023-12-18 18:06:12,744 - INFO - Difference between your loss and correct loss:
2023-12-18 18:06:12,744 - INFO - 1.794120407794253e-13
2023-12-18 18:06:12,751 - INFO - W2 max relative error: 3.440708e-09
2023-12-18 18:06:12,751 - INFO - b2 max relative error: 4.447625e-11
2023-12-18 18:06:12,757 - INFO - W1 max relative error: 3.561318e-09
2023-12-18 18:06:12,759 - INFO - b1 max relative error: 2.738421e-09
2023-12-18 18:06:12,773 - INFO - Final training loss: 0.01563498761185679
2023-12-18 18:06:17,538 - INFO - Train data shape: (49000, 3072)
2023-12-18 18:06:17,544 - INFO - Train labels shape: (49000,)
2023-12-18 18:06:17,544 - INFO - Validation data shape: (1000, 3072)
2023-12-18 18:06:17,544 - INFO - Validation labels shape: (1000,)
2023-12-18 18:06:17,544 - INFO - Test data shape: (1000, 3072)
2023-12-18 18:06:17,544 - INFO - Test labels shape: (1000,)
2023-12-18 18:06:17,747 - INFO - iteration 0 / 1000: loss 2.302939
2023-12-18 18:06:19,181 - INFO - iteration 100 / 1000: loss 2.302427
2023-12-18 18:06:20,725 - INFO - iteration 200 / 1000: loss 2.298095
2023-12-18 18:06:22,539 - INFO - iteration 300 / 1000: loss 2.253179
2023-12-18 18:06:24,104 - INFO - iteration 400 / 1000: loss 2.152041
2023-12-18 18:06:25,824 - INFO - iteration 500 / 1000: loss 2.115062
2023-12-18 18:06:27,376 - INFO - iteration 600 / 1000: loss 2.067323
2023-12-18 18:06:28,499 - INFO - iteration 700 / 1000: loss 2.031150
2023-12-18 18:06:30,079 - INFO - iteration 800 / 1000: loss 1.968564
2023-12-18 18:06:31,636 - INFO - iteration 900 / 1000: loss 1.962258
2023-12-18 18:06:33,165 - INFO - Validation accuracy: 0.29
2023-12-18 18:06:33,402 - INFO - training 4 Layer model---------------------------------
2023-12-18 18:09:33,739 - INFO - Your scores:
2023-12-18 18:09:33,739 - INFO - [[-0.81233741 -1.27654624 -0.70335995]
 [-0.17129677 -1.18803311 -0.47310444]
 [-0.51590475 -1.01354314 -0.8504215 ]
 [-0.15419291 -0.48629638 -0.52901952]
 [-0.00618733 -0.12435261 -0.15226949]]
2023-12-18 18:09:33,740 - INFO - correct scores:
2023-12-18 18:09:33,740 - INFO - [[-0.81233741 -1.27654624 -0.70335995]
 [-0.17129677 -1.18803311 -0.47310444]
 [-0.51590475 -1.01354314 -0.8504215 ]
 [-0.15419291 -0.48629638 -0.52901952]
 [-0.00618733 -0.12435261 -0.15226949]]
2023-12-18 18:09:33,740 - INFO - Difference between your scores and correct scores:
2023-12-18 18:09:33,740 - INFO - 3.6802720745909845e-08
2023-12-18 18:09:33,740 - INFO - Difference between your loss and correct loss:
2023-12-18 18:09:33,740 - INFO - 1.794120407794253e-13
2023-12-18 18:09:33,747 - INFO - W2 max relative error: 3.440708e-09
2023-12-18 18:09:33,748 - INFO - b2 max relative error: 4.447625e-11
2023-12-18 18:09:33,755 - INFO - W1 max relative error: 3.561318e-09
2023-12-18 18:09:33,757 - INFO - b1 max relative error: 2.738421e-09
2023-12-18 18:09:33,773 - INFO - Final training loss: 0.01563498761185679
2023-12-18 18:09:37,963 - INFO - Train data shape: (49000, 3072)
2023-12-18 18:09:37,963 - INFO - Train labels shape: (49000,)
2023-12-18 18:09:37,963 - INFO - Validation data shape: (1000, 3072)
2023-12-18 18:09:37,964 - INFO - Validation labels shape: (1000,)
2023-12-18 18:09:37,964 - INFO - Test data shape: (1000, 3072)
2023-12-18 18:09:37,964 - INFO - Test labels shape: (1000,)
2023-12-18 18:09:37,975 - INFO - iteration 0 / 1000: loss 2.302939
2023-12-18 18:09:38,784 - INFO - iteration 100 / 1000: loss 2.302427
2023-12-18 18:09:40,388 - INFO - iteration 200 / 1000: loss 2.298095
2023-12-18 18:09:42,286 - INFO - iteration 300 / 1000: loss 2.253179
2023-12-18 18:09:43,952 - INFO - iteration 400 / 1000: loss 2.152041
2023-12-18 18:09:45,475 - INFO - iteration 500 / 1000: loss 2.115062
2023-12-18 18:09:47,610 - INFO - iteration 600 / 1000: loss 2.067323
2023-12-18 18:09:48,966 - INFO - iteration 700 / 1000: loss 2.031150
2023-12-18 18:09:50,550 - INFO - iteration 800 / 1000: loss 1.968564
2023-12-18 18:09:51,964 - INFO - iteration 900 / 1000: loss 1.962258
2023-12-18 18:09:53,272 - INFO - Validation accuracy: 0.29
2023-12-18 18:09:53,511 - INFO - training 4 Layer model---------------------------------
2023-12-18 18:10:47,627 - INFO - Your scores:
2023-12-18 18:10:47,627 - INFO - [[-0.81233741 -1.27654624 -0.70335995]
 [-0.17129677 -1.18803311 -0.47310444]
 [-0.51590475 -1.01354314 -0.8504215 ]
 [-0.15419291 -0.48629638 -0.52901952]
 [-0.00618733 -0.12435261 -0.15226949]]
2023-12-18 18:10:47,628 - INFO - correct scores:
2023-12-18 18:10:47,628 - INFO - [[-0.81233741 -1.27654624 -0.70335995]
 [-0.17129677 -1.18803311 -0.47310444]
 [-0.51590475 -1.01354314 -0.8504215 ]
 [-0.15419291 -0.48629638 -0.52901952]
 [-0.00618733 -0.12435261 -0.15226949]]
2023-12-18 18:10:47,628 - INFO - Difference between your scores and correct scores:
2023-12-18 18:10:47,628 - INFO - 3.6802720745909845e-08
2023-12-18 18:10:47,628 - INFO - Difference between your loss and correct loss:
2023-12-18 18:10:47,628 - INFO - 1.794120407794253e-13
2023-12-18 18:10:47,635 - INFO - W2 max relative error: 3.440708e-09
2023-12-18 18:10:47,636 - INFO - b2 max relative error: 4.447625e-11
2023-12-18 18:10:47,643 - INFO - W1 max relative error: 3.561318e-09
2023-12-18 18:10:47,644 - INFO - b1 max relative error: 2.738421e-09
2023-12-18 18:10:47,660 - INFO - Final training loss: 0.01563498761185679
2023-12-18 18:10:51,609 - INFO - Train data shape: (49000, 3072)
2023-12-18 18:10:51,610 - INFO - Train labels shape: (49000,)
2023-12-18 18:10:51,610 - INFO - Validation data shape: (1000, 3072)
2023-12-18 18:10:51,610 - INFO - Validation labels shape: (1000,)
2023-12-18 18:10:51,610 - INFO - Test data shape: (1000, 3072)
2023-12-18 18:10:51,610 - INFO - Test labels shape: (1000,)
2023-12-18 18:10:51,744 - INFO - iteration 0 / 1000: loss 2.302939
2023-12-18 18:10:52,832 - INFO - iteration 100 / 1000: loss 2.302427
2023-12-18 18:10:54,316 - INFO - iteration 200 / 1000: loss 2.298095
2023-12-18 18:10:56,135 - INFO - iteration 300 / 1000: loss 2.253179
2023-12-18 18:10:57,616 - INFO - iteration 400 / 1000: loss 2.152041
2023-12-18 18:10:58,903 - INFO - iteration 500 / 1000: loss 2.115062
2023-12-18 18:11:00,727 - INFO - iteration 600 / 1000: loss 2.067323
2023-12-18 18:11:02,124 - INFO - iteration 700 / 1000: loss 2.031150
2023-12-18 18:11:03,845 - INFO - iteration 800 / 1000: loss 1.968564
2023-12-18 18:11:04,913 - INFO - iteration 900 / 1000: loss 1.962258
2023-12-18 18:11:06,451 - INFO - Validation accuracy: 0.29
2023-12-18 18:11:06,864 - INFO - training 4 Layer model---------------------------------
2023-12-18 18:11:36,670 - INFO - Your scores:
2023-12-18 18:11:36,670 - INFO - [[-0.81233741 -1.27654624 -0.70335995]
 [-0.17129677 -1.18803311 -0.47310444]
 [-0.51590475 -1.01354314 -0.8504215 ]
 [-0.15419291 -0.48629638 -0.52901952]
 [-0.00618733 -0.12435261 -0.15226949]]
2023-12-18 18:11:36,671 - INFO - correct scores:
2023-12-18 18:11:36,671 - INFO - [[-0.81233741 -1.27654624 -0.70335995]
 [-0.17129677 -1.18803311 -0.47310444]
 [-0.51590475 -1.01354314 -0.8504215 ]
 [-0.15419291 -0.48629638 -0.52901952]
 [-0.00618733 -0.12435261 -0.15226949]]
2023-12-18 18:11:36,671 - INFO - Difference between your scores and correct scores:
2023-12-18 18:11:36,671 - INFO - 3.6802720745909845e-08
2023-12-18 18:11:36,671 - INFO - Difference between your loss and correct loss:
2023-12-18 18:11:36,672 - INFO - 1.794120407794253e-13
2023-12-18 18:11:36,678 - INFO - W2 max relative error: 3.440708e-09
2023-12-18 18:11:36,679 - INFO - b2 max relative error: 4.447625e-11
2023-12-18 18:11:36,686 - INFO - W1 max relative error: 3.561318e-09
2023-12-18 18:11:36,688 - INFO - b1 max relative error: 2.738421e-09
2023-12-18 18:11:36,703 - INFO - Final training loss: 0.01563498761185679
2023-12-18 18:11:40,637 - INFO - Train data shape: (49000, 3072)
2023-12-18 18:11:40,638 - INFO - Train labels shape: (49000,)
2023-12-18 18:11:40,638 - INFO - Validation data shape: (1000, 3072)
2023-12-18 18:11:40,638 - INFO - Validation labels shape: (1000,)
2023-12-18 18:11:40,638 - INFO - Test data shape: (1000, 3072)
2023-12-18 18:11:40,639 - INFO - Test labels shape: (1000,)
2023-12-18 18:11:40,659 - INFO - iteration 0 / 1000: loss 2.302939
2023-12-18 18:11:41,905 - INFO - iteration 100 / 1000: loss 2.302427
2023-12-18 18:11:43,902 - INFO - iteration 200 / 1000: loss 2.298095
2023-12-18 18:11:45,607 - INFO - iteration 300 / 1000: loss 2.253179
2023-12-18 18:11:47,344 - INFO - iteration 400 / 1000: loss 2.152041
2023-12-18 18:11:48,984 - INFO - iteration 500 / 1000: loss 2.115062
2023-12-18 18:11:50,488 - INFO - iteration 600 / 1000: loss 2.067323
2023-12-18 18:11:51,827 - INFO - iteration 700 / 1000: loss 2.031150
2023-12-18 18:11:53,543 - INFO - iteration 800 / 1000: loss 1.968564
2023-12-18 18:11:55,108 - INFO - iteration 900 / 1000: loss 1.962258
2023-12-18 18:11:56,820 - INFO - Validation accuracy: 0.29
2023-12-18 18:11:57,082 - INFO - training 4 Layer model---------------------------------
2023-12-18 18:11:57,273 - INFO - iteration 0 / 2000: loss 2.302585
2023-12-18 18:12:02,494 - INFO - iteration 100 / 2000: loss 2.302589
2023-12-18 18:12:06,581 - INFO - iteration 200 / 2000: loss 2.302600
2023-12-18 18:12:10,360 - INFO - iteration 300 / 2000: loss 2.302604
2023-12-18 18:12:14,590 - INFO - iteration 400 / 2000: loss 2.302585
2023-12-18 18:12:19,266 - INFO - iteration 500 / 2000: loss 2.302607
2023-12-18 18:12:23,670 - INFO - iteration 600 / 2000: loss 2.302608
2023-12-18 18:12:27,798 - INFO - iteration 700 / 2000: loss 2.302554
2023-12-18 18:12:32,288 - INFO - iteration 800 / 2000: loss 2.302570
2023-12-18 18:12:36,375 - INFO - iteration 900 / 2000: loss 2.302553
2023-12-18 18:12:40,313 - INFO - iteration 1000 / 2000: loss 2.302614
2023-12-18 18:12:44,154 - INFO - iteration 1100 / 2000: loss 2.302625
2023-12-18 18:12:48,178 - INFO - iteration 1200 / 2000: loss 2.302596
2023-12-18 18:12:52,198 - INFO - iteration 1300 / 2000: loss 2.302582
2023-12-18 18:12:55,771 - INFO - iteration 1400 / 2000: loss 2.302621
2023-12-18 18:12:59,115 - INFO - iteration 1500 / 2000: loss 2.302627
2023-12-18 18:13:04,534 - INFO - iteration 1600 / 2000: loss 2.302594
2023-12-18 18:13:09,182 - INFO - iteration 1700 / 2000: loss 2.302562
2023-12-18 18:13:12,479 - INFO - iteration 1800 / 2000: loss 2.302564
2023-12-18 18:13:15,420 - INFO - iteration 1900 / 2000: loss 2.302532
2023-12-18 18:13:18,845 - INFO - Validation accuracy: 0.079
2023-12-18 18:13:19,025 - INFO - Test accuracy: 0.1
2023-12-18 18:15:36,156 - INFO - Your scores:
2023-12-18 18:15:36,156 - INFO - [[-0.81233741 -1.27654624 -0.70335995]
 [-0.17129677 -1.18803311 -0.47310444]
 [-0.51590475 -1.01354314 -0.8504215 ]
 [-0.15419291 -0.48629638 -0.52901952]
 [-0.00618733 -0.12435261 -0.15226949]]
2023-12-18 18:15:36,157 - INFO - correct scores:
2023-12-18 18:15:36,157 - INFO - [[-0.81233741 -1.27654624 -0.70335995]
 [-0.17129677 -1.18803311 -0.47310444]
 [-0.51590475 -1.01354314 -0.8504215 ]
 [-0.15419291 -0.48629638 -0.52901952]
 [-0.00618733 -0.12435261 -0.15226949]]
2023-12-18 18:15:36,157 - INFO - Difference between your scores and correct scores:
2023-12-18 18:15:36,157 - INFO - 3.6802720745909845e-08
2023-12-18 18:15:36,157 - INFO - Difference between your loss and correct loss:
2023-12-18 18:15:36,158 - INFO - 1.794120407794253e-13
2023-12-18 18:15:36,165 - INFO - W2 max relative error: 3.440708e-09
2023-12-18 18:15:36,165 - INFO - b2 max relative error: 4.447625e-11
2023-12-18 18:15:36,172 - INFO - W1 max relative error: 3.561318e-09
2023-12-18 18:15:36,174 - INFO - b1 max relative error: 2.738421e-09
2023-12-18 18:15:36,191 - INFO - Final training loss: 0.01563498761185679
2023-12-18 18:15:40,196 - INFO - Train data shape: (49000, 3072)
2023-12-18 18:15:40,197 - INFO - Train labels shape: (49000,)
2023-12-18 18:15:40,197 - INFO - Validation data shape: (1000, 3072)
2023-12-18 18:15:40,197 - INFO - Validation labels shape: (1000,)
2023-12-18 18:15:40,197 - INFO - Test data shape: (1000, 3072)
2023-12-18 18:15:40,197 - INFO - Test labels shape: (1000,)
2023-12-18 18:15:40,210 - INFO - iteration 0 / 1000: loss 2.302939
2023-12-18 18:15:41,798 - INFO - iteration 100 / 1000: loss 2.302427
2023-12-18 18:15:43,366 - INFO - iteration 200 / 1000: loss 2.298095
2023-12-18 18:15:44,401 - INFO - iteration 300 / 1000: loss 2.253179
2023-12-18 18:15:46,057 - INFO - iteration 400 / 1000: loss 2.152041
2023-12-18 18:15:47,562 - INFO - iteration 500 / 1000: loss 2.115062
2023-12-18 18:15:48,919 - INFO - iteration 600 / 1000: loss 2.067323
2023-12-18 18:15:50,189 - INFO - iteration 700 / 1000: loss 2.031150
2023-12-18 18:15:51,566 - INFO - iteration 800 / 1000: loss 1.968564
2023-12-18 18:15:53,362 - INFO - iteration 900 / 1000: loss 1.962258
2023-12-18 18:15:55,197 - INFO - Validation accuracy: 0.29
2023-12-18 18:15:55,554 - INFO - training 4 Layer model---------------------------------
2023-12-18 18:15:55,793 - INFO - iteration 0 / 2000: loss 2.302585
2023-12-18 18:16:01,010 - INFO - iteration 100 / 2000: loss 2.302576
2023-12-18 18:16:05,681 - INFO - iteration 200 / 2000: loss 2.302587
2023-12-18 18:16:11,373 - INFO - iteration 300 / 2000: loss 2.302582
2023-12-18 18:16:15,792 - INFO - iteration 400 / 2000: loss 2.302597
2023-12-18 18:16:20,247 - INFO - iteration 500 / 2000: loss 2.302572
2023-12-18 18:16:25,688 - INFO - iteration 600 / 2000: loss 2.302658
2023-12-18 18:16:31,143 - INFO - iteration 700 / 2000: loss 2.302611
2023-12-18 18:16:36,071 - INFO - iteration 800 / 2000: loss 2.302565
2023-12-18 18:16:39,895 - INFO - iteration 900 / 2000: loss 2.302595
2023-12-18 18:16:44,977 - INFO - iteration 1000 / 2000: loss 2.302541
2023-12-18 18:16:48,846 - INFO - iteration 1100 / 2000: loss 2.302545
2023-12-18 18:16:52,466 - INFO - iteration 1200 / 2000: loss 2.302557
2023-12-18 18:16:57,000 - INFO - iteration 1300 / 2000: loss 2.302560
2023-12-18 18:17:00,561 - INFO - iteration 1400 / 2000: loss 2.302604
2023-12-18 18:17:05,060 - INFO - iteration 1500 / 2000: loss 2.302641
2023-12-18 18:17:08,750 - INFO - iteration 1600 / 2000: loss 2.302598
2023-12-18 18:17:12,150 - INFO - iteration 1700 / 2000: loss 2.302494
2023-12-18 18:17:16,310 - INFO - iteration 1800 / 2000: loss 2.302525
2023-12-18 18:17:20,861 - INFO - iteration 1900 / 2000: loss 2.302503
2023-12-18 18:17:24,643 - INFO - Validation accuracy: 0.079
2023-12-18 18:17:24,771 - INFO - Test accuracy: 0.1
2023-12-18 18:19:33,917 - INFO - Your scores:
2023-12-18 18:19:33,917 - INFO - [[-0.81233741 -1.27654624 -0.70335995]
 [-0.17129677 -1.18803311 -0.47310444]
 [-0.51590475 -1.01354314 -0.8504215 ]
 [-0.15419291 -0.48629638 -0.52901952]
 [-0.00618733 -0.12435261 -0.15226949]]
2023-12-18 18:19:33,917 - INFO - correct scores:
2023-12-18 18:19:33,918 - INFO - [[-0.81233741 -1.27654624 -0.70335995]
 [-0.17129677 -1.18803311 -0.47310444]
 [-0.51590475 -1.01354314 -0.8504215 ]
 [-0.15419291 -0.48629638 -0.52901952]
 [-0.00618733 -0.12435261 -0.15226949]]
2023-12-18 18:19:33,918 - INFO - Difference between your scores and correct scores:
2023-12-18 18:19:33,918 - INFO - 3.6802720745909845e-08
2023-12-18 18:19:33,918 - INFO - Difference between your loss and correct loss:
2023-12-18 18:19:33,918 - INFO - 1.794120407794253e-13
2023-12-18 18:19:33,925 - INFO - W2 max relative error: 3.440708e-09
2023-12-18 18:19:33,926 - INFO - b2 max relative error: 4.447625e-11
2023-12-18 18:19:33,933 - INFO - W1 max relative error: 3.561318e-09
2023-12-18 18:19:33,935 - INFO - b1 max relative error: 2.738421e-09
2023-12-18 18:19:33,951 - INFO - Final training loss: 0.01563498761185679
2023-12-18 18:19:38,605 - INFO - Train data shape: (49000, 3072)
2023-12-18 18:19:38,606 - INFO - Train labels shape: (49000,)
2023-12-18 18:19:38,606 - INFO - Validation data shape: (1000, 3072)
2023-12-18 18:19:38,606 - INFO - Validation labels shape: (1000,)
2023-12-18 18:19:38,606 - INFO - Test data shape: (1000, 3072)
2023-12-18 18:19:38,606 - INFO - Test labels shape: (1000,)
2023-12-18 18:19:38,619 - INFO - iteration 0 / 1000: loss 2.302939
2023-12-18 18:19:40,251 - INFO - iteration 100 / 1000: loss 2.302427
2023-12-18 18:19:41,814 - INFO - iteration 200 / 1000: loss 2.298095
2023-12-18 18:19:43,304 - INFO - iteration 300 / 1000: loss 2.253179
2023-12-18 18:19:44,433 - INFO - iteration 400 / 1000: loss 2.152041
2023-12-18 18:19:46,100 - INFO - iteration 500 / 1000: loss 2.115062
2023-12-18 18:19:47,630 - INFO - iteration 600 / 1000: loss 2.067323
2023-12-18 18:19:48,744 - INFO - iteration 700 / 1000: loss 2.031150
2023-12-18 18:19:49,950 - INFO - iteration 800 / 1000: loss 1.968564
2023-12-18 18:19:51,588 - INFO - iteration 900 / 1000: loss 1.962258
2023-12-18 18:19:52,561 - INFO - Validation accuracy: 0.29
2023-12-18 18:19:52,794 - INFO - training 4 Layer model---------------------------------
2023-12-18 18:19:52,856 - INFO - iteration 0 / 2000: loss 2.305664
2023-12-18 18:19:57,433 - INFO - iteration 100 / 2000: loss 2.304329
2023-12-18 18:20:02,452 - INFO - iteration 200 / 2000: loss 2.303613
2023-12-18 18:20:07,158 - INFO - iteration 300 / 2000: loss 2.303210
2023-12-18 18:20:11,365 - INFO - iteration 400 / 2000: loss 2.302957
2023-12-18 18:20:15,486 - INFO - iteration 500 / 2000: loss 2.302841
2023-12-18 18:20:19,849 - INFO - iteration 600 / 2000: loss 2.302759
2023-12-18 18:20:23,870 - INFO - iteration 700 / 2000: loss 2.302653
2023-12-18 18:20:27,890 - INFO - iteration 800 / 2000: loss 2.302637
2023-12-18 18:20:32,110 - INFO - iteration 900 / 2000: loss 2.302599
2023-12-18 18:20:37,256 - INFO - iteration 1000 / 2000: loss 2.302646
2023-12-18 18:20:41,580 - INFO - iteration 1100 / 2000: loss 2.302648
2023-12-18 18:20:46,395 - INFO - iteration 1200 / 2000: loss 2.302613
2023-12-18 18:20:50,048 - INFO - iteration 1300 / 2000: loss 2.302594
2023-12-18 18:20:53,420 - INFO - iteration 1400 / 2000: loss 2.302631
2023-12-18 18:20:57,321 - INFO - iteration 1500 / 2000: loss 2.302634
2023-12-18 18:21:01,763 - INFO - iteration 1600 / 2000: loss 2.302600
2023-12-18 18:21:05,129 - INFO - iteration 1700 / 2000: loss 2.302567
2023-12-18 18:21:08,975 - INFO - iteration 1800 / 2000: loss 2.302568
2023-12-18 18:21:12,715 - INFO - iteration 1900 / 2000: loss 2.302535
2023-12-18 18:21:16,067 - INFO - Validation accuracy: 0.079
2023-12-18 18:21:16,226 - INFO - Test accuracy: 0.1
2023-12-18 18:21:32,627 - INFO - Your scores:
2023-12-18 18:21:32,627 - INFO - [[-0.81233741 -1.27654624 -0.70335995]
 [-0.17129677 -1.18803311 -0.47310444]
 [-0.51590475 -1.01354314 -0.8504215 ]
 [-0.15419291 -0.48629638 -0.52901952]
 [-0.00618733 -0.12435261 -0.15226949]]
2023-12-18 18:21:32,627 - INFO - correct scores:
2023-12-18 18:21:32,627 - INFO - [[-0.81233741 -1.27654624 -0.70335995]
 [-0.17129677 -1.18803311 -0.47310444]
 [-0.51590475 -1.01354314 -0.8504215 ]
 [-0.15419291 -0.48629638 -0.52901952]
 [-0.00618733 -0.12435261 -0.15226949]]
2023-12-18 18:21:32,628 - INFO - Difference between your scores and correct scores:
2023-12-18 18:21:32,628 - INFO - 3.6802720745909845e-08
2023-12-18 18:21:32,628 - INFO - Difference between your loss and correct loss:
2023-12-18 18:21:32,628 - INFO - 1.794120407794253e-13
2023-12-18 18:21:32,634 - INFO - W2 max relative error: 3.440708e-09
2023-12-18 18:21:32,635 - INFO - b2 max relative error: 4.447625e-11
2023-12-18 18:21:32,641 - INFO - W1 max relative error: 3.561318e-09
2023-12-18 18:21:32,643 - INFO - b1 max relative error: 2.738421e-09
2023-12-18 18:21:32,657 - INFO - Final training loss: 0.01563498761185679
2023-12-18 18:21:36,979 - INFO - Train data shape: (49000, 3072)
2023-12-18 18:21:36,980 - INFO - Train labels shape: (49000,)
2023-12-18 18:21:36,980 - INFO - Validation data shape: (1000, 3072)
2023-12-18 18:21:36,980 - INFO - Validation labels shape: (1000,)
2023-12-18 18:21:36,980 - INFO - Test data shape: (1000, 3072)
2023-12-18 18:21:36,980 - INFO - Test labels shape: (1000,)
2023-12-18 18:21:36,993 - INFO - iteration 0 / 1000: loss 2.302939
2023-12-18 18:21:37,564 - INFO - iteration 100 / 1000: loss 2.302427
2023-12-18 18:21:38,142 - INFO - iteration 200 / 1000: loss 2.298095
2023-12-18 18:21:38,743 - INFO - iteration 300 / 1000: loss 2.253179
2023-12-18 18:21:39,391 - INFO - iteration 400 / 1000: loss 2.152041
2023-12-18 18:21:40,428 - INFO - iteration 500 / 1000: loss 2.115062
2023-12-18 18:21:42,071 - INFO - iteration 600 / 1000: loss 2.067323
2023-12-18 18:21:43,352 - INFO - iteration 700 / 1000: loss 2.031150
2023-12-18 18:21:44,417 - INFO - iteration 800 / 1000: loss 1.968564
2023-12-18 18:21:45,524 - INFO - iteration 900 / 1000: loss 1.962258
2023-12-18 18:21:46,815 - INFO - Validation accuracy: 0.29
2023-12-18 18:21:47,081 - INFO - training 4 Layer model---------------------------------
2023-12-18 18:21:47,126 - INFO - iteration 0 / 2000: loss 2.306691
2023-12-18 18:21:50,605 - INFO - iteration 100 / 2000: loss 2.305332
2023-12-18 18:21:53,843 - INFO - iteration 200 / 2000: loss 2.304845
2023-12-18 18:21:56,837 - INFO - iteration 300 / 2000: loss 2.304635
2023-12-18 18:21:59,349 - INFO - iteration 400 / 2000: loss 2.304537
2023-12-18 18:22:02,310 - INFO - iteration 500 / 2000: loss 2.304496
2023-12-18 18:22:04,828 - INFO - iteration 600 / 2000: loss 2.304473
2023-12-18 18:22:09,467 - INFO - iteration 700 / 2000: loss 2.304446
2023-12-18 18:22:13,101 - INFO - iteration 800 / 2000: loss 2.304447
2023-12-18 18:22:15,846 - INFO - iteration 900 / 2000: loss 2.304438
2023-12-18 18:22:21,954 - INFO - iteration 1000 / 2000: loss 2.304447
2023-12-18 18:22:31,838 - INFO - iteration 1100 / 2000: loss 2.304453
2023-12-18 18:22:41,884 - INFO - iteration 1200 / 2000: loss 2.304439
2023-12-18 18:22:49,878 - INFO - iteration 1300 / 2000: loss 2.304439
2023-12-18 18:23:01,236 - INFO - iteration 1400 / 2000: loss 2.304454
2023-12-18 18:23:11,523 - INFO - iteration 1500 / 2000: loss 2.304452
2023-12-18 18:23:19,382 - INFO - iteration 1600 / 2000: loss 2.304442
2023-12-18 18:23:30,406 - INFO - iteration 1700 / 2000: loss 2.304439
2023-12-18 18:23:37,867 - INFO - iteration 1800 / 2000: loss 2.304437
2023-12-18 18:23:46,279 - INFO - iteration 1900 / 2000: loss 2.304433
2023-12-18 18:23:55,155 - INFO - Validation accuracy: 0.087
2023-12-18 18:23:55,286 - INFO - Test accuracy: 0.103
2023-12-18 19:29:03,305 - INFO - Your scores:
2023-12-18 19:29:03,305 - INFO - [[-0.81233741 -1.27654624 -0.70335995]
 [-0.17129677 -1.18803311 -0.47310444]
 [-0.51590475 -1.01354314 -0.8504215 ]
 [-0.15419291 -0.48629638 -0.52901952]
 [-0.00618733 -0.12435261 -0.15226949]]
2023-12-18 19:29:03,306 - INFO - correct scores:
2023-12-18 19:29:03,306 - INFO - [[-0.81233741 -1.27654624 -0.70335995]
 [-0.17129677 -1.18803311 -0.47310444]
 [-0.51590475 -1.01354314 -0.8504215 ]
 [-0.15419291 -0.48629638 -0.52901952]
 [-0.00618733 -0.12435261 -0.15226949]]
2023-12-18 19:29:03,306 - INFO - Difference between your scores and correct scores:
2023-12-18 19:29:03,306 - INFO - 3.6802720745909845e-08
2023-12-18 19:29:03,306 - INFO - Difference between your loss and correct loss:
2023-12-18 19:29:03,306 - INFO - 1.794120407794253e-13
2023-12-18 19:29:03,313 - INFO - W2 max relative error: 3.440708e-09
2023-12-18 19:29:03,313 - INFO - b2 max relative error: 4.447625e-11
2023-12-18 19:29:03,319 - INFO - W1 max relative error: 3.561318e-09
2023-12-18 19:29:03,321 - INFO - b1 max relative error: 2.738421e-09
2023-12-18 19:29:03,334 - INFO - Final training loss: 0.01563498761185679
2023-12-18 19:29:08,326 - INFO - Train data shape: (49000, 3072)
2023-12-18 19:29:08,327 - INFO - Train labels shape: (49000,)
2023-12-18 19:29:08,327 - INFO - Validation data shape: (1000, 3072)
2023-12-18 19:29:08,327 - INFO - Validation labels shape: (1000,)
2023-12-18 19:29:08,327 - INFO - Test data shape: (1000, 3072)
2023-12-18 19:29:08,327 - INFO - Test labels shape: (1000,)
2023-12-18 19:29:08,341 - INFO - iteration 0 / 1000: loss 2.302939
2023-12-18 19:29:09,346 - INFO - iteration 100 / 1000: loss 2.302427
2023-12-18 19:29:11,167 - INFO - iteration 200 / 1000: loss 2.298095
2023-12-18 19:29:12,751 - INFO - iteration 300 / 1000: loss 2.253179
2023-12-18 19:29:14,302 - INFO - iteration 400 / 1000: loss 2.152041
2023-12-18 19:29:15,660 - INFO - iteration 500 / 1000: loss 2.115062
2023-12-18 19:29:16,948 - INFO - iteration 600 / 1000: loss 2.067323
2023-12-18 19:29:18,504 - INFO - iteration 700 / 1000: loss 2.031150
2023-12-18 19:29:19,911 - INFO - iteration 800 / 1000: loss 1.968564
2023-12-18 19:29:21,710 - INFO - iteration 900 / 1000: loss 1.962258
2023-12-18 19:29:22,674 - INFO - Validation accuracy: 0.29
2023-12-18 19:29:22,906 - INFO - training 4 Layer model---------------------------------
2023-12-18 19:29:23,206 - INFO - iteration 0 / 2000: loss 2.344622
2023-12-18 19:29:45,837 - INFO - iteration 100 / 2000: loss 2.330709
2023-12-18 19:30:04,044 - INFO - iteration 200 / 2000: loss 2.325661
2023-12-18 19:30:43,805 - INFO - Your scores:
2023-12-18 19:30:43,805 - INFO - [[-0.81233741 -1.27654624 -0.70335995]
 [-0.17129677 -1.18803311 -0.47310444]
 [-0.51590475 -1.01354314 -0.8504215 ]
 [-0.15419291 -0.48629638 -0.52901952]
 [-0.00618733 -0.12435261 -0.15226949]]
2023-12-18 19:30:43,805 - INFO - correct scores:
2023-12-18 19:30:43,805 - INFO - [[-0.81233741 -1.27654624 -0.70335995]
 [-0.17129677 -1.18803311 -0.47310444]
 [-0.51590475 -1.01354314 -0.8504215 ]
 [-0.15419291 -0.48629638 -0.52901952]
 [-0.00618733 -0.12435261 -0.15226949]]
2023-12-18 19:30:43,806 - INFO - Difference between your scores and correct scores:
2023-12-18 19:30:43,806 - INFO - 3.6802720745909845e-08
2023-12-18 19:30:43,806 - INFO - Difference between your loss and correct loss:
2023-12-18 19:30:43,806 - INFO - 1.794120407794253e-13
2023-12-18 19:30:43,813 - INFO - W2 max relative error: 3.440708e-09
2023-12-18 19:30:43,814 - INFO - b2 max relative error: 4.447625e-11
2023-12-18 19:30:43,821 - INFO - W1 max relative error: 3.561318e-09
2023-12-18 19:30:43,822 - INFO - b1 max relative error: 2.738421e-09
2023-12-18 19:30:43,838 - INFO - Final training loss: 0.01563498761185679
2023-12-18 19:30:48,015 - INFO - Train data shape: (49000, 3072)
2023-12-18 19:30:48,015 - INFO - Train labels shape: (49000,)
2023-12-18 19:30:48,015 - INFO - Validation data shape: (1000, 3072)
2023-12-18 19:30:48,015 - INFO - Validation labels shape: (1000,)
2023-12-18 19:30:48,015 - INFO - Test data shape: (1000, 3072)
2023-12-18 19:30:48,015 - INFO - Test labels shape: (1000,)
2023-12-18 19:30:48,048 - INFO - iteration 0 / 1000: loss 2.302939
2023-12-18 19:30:49,690 - INFO - iteration 100 / 1000: loss 2.302427
2023-12-18 19:30:51,438 - INFO - iteration 200 / 1000: loss 2.298095
2023-12-18 19:30:53,331 - INFO - iteration 300 / 1000: loss 2.253179
2023-12-18 19:30:55,817 - INFO - iteration 400 / 1000: loss 2.152041
2023-12-18 19:30:57,927 - INFO - iteration 500 / 1000: loss 2.115062
2023-12-18 19:31:00,072 - INFO - iteration 600 / 1000: loss 2.067323
2023-12-18 19:31:02,432 - INFO - iteration 700 / 1000: loss 2.031150
2023-12-18 19:31:03,670 - INFO - iteration 800 / 1000: loss 1.968564
2023-12-18 19:31:05,291 - INFO - iteration 900 / 1000: loss 1.962258
2023-12-18 19:31:07,054 - INFO - Validation accuracy: 0.29
2023-12-18 19:31:07,297 - INFO - training 4 Layer model---------------------------------
2023-12-18 19:31:07,437 - INFO - iteration 0 / 2000: loss 2.307179
2023-12-18 19:31:20,240 - INFO - iteration 100 / 2000: loss 2.306366
2023-12-18 19:31:34,460 - INFO - iteration 200 / 2000: loss 2.305765
2023-12-18 19:31:47,999 - INFO - iteration 300 / 2000: loss 2.305241
2023-12-18 19:32:01,061 - INFO - iteration 400 / 2000: loss 2.304855
2023-12-18 19:32:12,858 - INFO - iteration 500 / 2000: loss 2.304524
2023-12-18 19:32:25,280 - INFO - iteration 600 / 2000: loss 2.304256
2023-12-18 19:32:35,687 - INFO - iteration 700 / 2000: loss 2.304046
2023-12-18 19:32:46,019 - INFO - iteration 800 / 2000: loss 2.303861
2023-12-18 19:32:56,060 - INFO - iteration 900 / 2000: loss 2.303736
2023-12-18 19:33:07,742 - INFO - iteration 1000 / 2000: loss 2.303603
2023-12-18 19:33:19,057 - INFO - iteration 1100 / 2000: loss 2.303484
2023-12-18 19:33:30,950 - INFO - iteration 1200 / 2000: loss 2.303386
2023-12-18 19:33:41,475 - INFO - iteration 1300 / 2000: loss 2.303311
2023-12-18 19:33:52,032 - INFO - iteration 1400 / 2000: loss 2.303260
2023-12-18 19:34:02,902 - INFO - iteration 1500 / 2000: loss 2.303181
2023-12-18 19:34:13,030 - INFO - iteration 1600 / 2000: loss 2.303160
2023-12-18 19:34:21,981 - INFO - iteration 1700 / 2000: loss 2.303123
2023-12-18 19:34:32,443 - INFO - iteration 1800 / 2000: loss 2.303071
2023-12-18 19:34:42,652 - INFO - iteration 1900 / 2000: loss 2.303058
2023-12-18 19:34:52,264 - INFO - Validation accuracy: 0.078
2023-12-18 19:34:52,468 - INFO - Test accuracy: 0.09
2023-12-18 19:35:41,798 - INFO - Your scores:
2023-12-18 19:35:41,798 - INFO - [[-0.81233741 -1.27654624 -0.70335995]
 [-0.17129677 -1.18803311 -0.47310444]
 [-0.51590475 -1.01354314 -0.8504215 ]
 [-0.15419291 -0.48629638 -0.52901952]
 [-0.00618733 -0.12435261 -0.15226949]]
2023-12-18 19:35:41,798 - INFO - correct scores:
2023-12-18 19:35:41,798 - INFO - [[-0.81233741 -1.27654624 -0.70335995]
 [-0.17129677 -1.18803311 -0.47310444]
 [-0.51590475 -1.01354314 -0.8504215 ]
 [-0.15419291 -0.48629638 -0.52901952]
 [-0.00618733 -0.12435261 -0.15226949]]
2023-12-18 19:35:41,799 - INFO - Difference between your scores and correct scores:
2023-12-18 19:35:41,799 - INFO - 3.6802720745909845e-08
2023-12-18 19:35:41,799 - INFO - Difference between your loss and correct loss:
2023-12-18 19:35:41,799 - INFO - 1.794120407794253e-13
2023-12-18 19:35:41,806 - INFO - W2 max relative error: 3.440708e-09
2023-12-18 19:35:41,807 - INFO - b2 max relative error: 4.447625e-11
2023-12-18 19:35:41,813 - INFO - W1 max relative error: 3.561318e-09
2023-12-18 19:35:41,815 - INFO - b1 max relative error: 2.738421e-09
2023-12-18 19:35:41,831 - INFO - Final training loss: 0.01563498761185679
2023-12-18 19:35:46,453 - INFO - Train data shape: (49000, 3072)
2023-12-18 19:35:46,454 - INFO - Train labels shape: (49000,)
2023-12-18 19:35:46,454 - INFO - Validation data shape: (1000, 3072)
2023-12-18 19:35:46,454 - INFO - Validation labels shape: (1000,)
2023-12-18 19:35:46,454 - INFO - Test data shape: (1000, 3072)
2023-12-18 19:35:46,454 - INFO - Test labels shape: (1000,)
2023-12-18 19:35:46,478 - INFO - iteration 0 / 1000: loss 2.302939
2023-12-18 19:35:47,860 - INFO - iteration 100 / 1000: loss 2.302427
2023-12-18 19:35:49,615 - INFO - iteration 200 / 1000: loss 2.298095
2023-12-18 19:35:51,004 - INFO - iteration 300 / 1000: loss 2.253179
2023-12-18 19:35:52,560 - INFO - iteration 400 / 1000: loss 2.152041
2023-12-18 19:35:53,963 - INFO - iteration 500 / 1000: loss 2.115062
2023-12-18 19:35:55,285 - INFO - iteration 600 / 1000: loss 2.067323
2023-12-18 19:35:56,822 - INFO - iteration 700 / 1000: loss 2.031150
2023-12-18 19:35:58,076 - INFO - iteration 800 / 1000: loss 1.968564
2023-12-18 19:35:59,396 - INFO - iteration 900 / 1000: loss 1.962258
2023-12-18 19:36:01,290 - INFO - Validation accuracy: 0.29
2023-12-18 19:36:01,526 - INFO - training 4 Layer model---------------------------------
2023-12-18 19:36:01,850 - INFO - iteration 0 / 2000: loss 2.313094
2023-12-18 19:36:24,773 - INFO - iteration 100 / 2000: loss 2.303194
2023-12-18 19:36:46,638 - INFO - iteration 200 / 2000: loss 2.302413
2023-12-18 19:37:08,260 - INFO - iteration 300 / 2000: loss 2.302568
2023-12-18 19:37:30,321 - INFO - iteration 400 / 2000: loss 2.302454
2023-12-18 19:37:54,262 - INFO - iteration 500 / 2000: loss 2.302691
2023-12-18 19:38:17,436 - INFO - iteration 600 / 2000: loss 2.302822
2023-12-18 19:38:39,797 - INFO - iteration 700 / 2000: loss 2.302216
2023-12-18 19:39:01,990 - INFO - iteration 800 / 2000: loss 2.302572
2023-12-18 19:39:24,441 - INFO - iteration 900 / 2000: loss 2.302595
2023-12-18 19:39:45,733 - INFO - iteration 1000 / 2000: loss 2.302350
2023-12-18 19:40:06,007 - INFO - iteration 1100 / 2000: loss 2.301928
2023-12-18 19:40:23,559 - INFO - iteration 1200 / 2000: loss 2.302646
2023-12-18 19:40:41,781 - INFO - iteration 1300 / 2000: loss 2.302573
2023-12-18 19:41:00,349 - INFO - iteration 1400 / 2000: loss 2.301975
2023-12-18 19:41:18,029 - INFO - iteration 1500 / 2000: loss 2.302566
2023-12-18 19:41:34,144 - INFO - iteration 1600 / 2000: loss 2.303191
2023-12-18 19:41:50,031 - INFO - iteration 1700 / 2000: loss 2.302521
2023-12-18 19:42:07,627 - INFO - iteration 1800 / 2000: loss 2.302364
2023-12-18 19:42:24,005 - INFO - iteration 1900 / 2000: loss 2.302416
2023-12-18 19:42:41,999 - INFO - Validation accuracy: 0.102
2023-12-18 19:42:42,320 - INFO - Test accuracy: 0.112
2023-12-18 20:05:48,122 - INFO - Your scores:
2023-12-18 20:05:48,122 - INFO - [[-0.81233741 -1.27654624 -0.70335995]
 [-0.17129677 -1.18803311 -0.47310444]
 [-0.51590475 -1.01354314 -0.8504215 ]
 [-0.15419291 -0.48629638 -0.52901952]
 [-0.00618733 -0.12435261 -0.15226949]]
2023-12-18 20:05:48,123 - INFO - correct scores:
2023-12-18 20:05:48,123 - INFO - [[-0.81233741 -1.27654624 -0.70335995]
 [-0.17129677 -1.18803311 -0.47310444]
 [-0.51590475 -1.01354314 -0.8504215 ]
 [-0.15419291 -0.48629638 -0.52901952]
 [-0.00618733 -0.12435261 -0.15226949]]
2023-12-18 20:05:48,123 - INFO - Difference between your scores and correct scores:
2023-12-18 20:05:48,123 - INFO - 3.6802720745909845e-08
2023-12-18 20:05:48,123 - INFO - Difference between your loss and correct loss:
2023-12-18 20:05:48,124 - INFO - 1.794120407794253e-13
2023-12-18 20:05:48,130 - INFO - W2 max relative error: 3.440708e-09
2023-12-18 20:05:48,131 - INFO - b2 max relative error: 4.447625e-11
2023-12-18 20:05:48,138 - INFO - W1 max relative error: 3.561318e-09
2023-12-18 20:05:48,140 - INFO - b1 max relative error: 2.738421e-09
2023-12-18 20:05:48,155 - INFO - Final training loss: 0.01563498761185679
2023-12-18 20:05:52,547 - INFO - Train data shape: (49000, 3072)
2023-12-18 20:05:52,548 - INFO - Train labels shape: (49000,)
2023-12-18 20:05:52,549 - INFO - Validation data shape: (1000, 3072)
2023-12-18 20:05:52,549 - INFO - Validation labels shape: (1000,)
2023-12-18 20:05:52,549 - INFO - Test data shape: (1000, 3072)
2023-12-18 20:05:52,549 - INFO - Test labels shape: (1000,)
2023-12-18 20:05:52,752 - INFO - iteration 0 / 1000: loss 2.302939
2023-12-18 20:05:53,882 - INFO - iteration 100 / 1000: loss 2.302427
2023-12-18 20:05:55,472 - INFO - iteration 200 / 1000: loss 2.298095
2023-12-18 20:05:57,048 - INFO - iteration 300 / 1000: loss 2.253179
2023-12-18 20:05:58,284 - INFO - iteration 400 / 1000: loss 2.152041
2023-12-18 20:05:59,968 - INFO - iteration 500 / 1000: loss 2.115062
2023-12-18 20:06:01,255 - INFO - iteration 600 / 1000: loss 2.067323
2023-12-18 20:06:02,764 - INFO - iteration 700 / 1000: loss 2.031150
2023-12-18 20:06:04,481 - INFO - iteration 800 / 1000: loss 1.968564
2023-12-18 20:06:05,980 - INFO - iteration 900 / 1000: loss 1.962258
2023-12-18 20:06:07,688 - INFO - Validation accuracy: 0.29
2023-12-18 20:06:07,947 - INFO - training improved model---------------------------------
2023-12-18 20:06:07,998 - INFO - iteration 0 / 2000: loss 2.304567
2023-12-18 20:06:12,041 - INFO - iteration 100 / 2000: loss 1.811210
2023-12-18 20:06:17,121 - INFO - iteration 200 / 2000: loss 1.592028
2023-12-18 20:06:22,170 - INFO - iteration 300 / 2000: loss 1.668645
2023-12-18 20:06:26,612 - INFO - iteration 400 / 2000: loss 1.612753
2023-12-18 20:06:31,785 - INFO - iteration 500 / 2000: loss 1.544612
2023-12-18 20:06:36,182 - INFO - iteration 600 / 2000: loss 1.541012
2023-12-18 20:06:40,411 - INFO - iteration 700 / 2000: loss 1.612006
2023-12-18 20:06:44,701 - INFO - iteration 800 / 2000: loss 1.465478
2023-12-18 20:06:49,639 - INFO - iteration 900 / 2000: loss 1.387026
2023-12-18 20:06:53,889 - INFO - iteration 1000 / 2000: loss 1.381234
2023-12-18 20:06:57,940 - INFO - iteration 1100 / 2000: loss 1.315372
2023-12-18 20:07:02,406 - INFO - iteration 1200 / 2000: loss 1.433530
2023-12-18 20:07:06,651 - INFO - iteration 1300 / 2000: loss 1.472661
2023-12-18 20:07:10,597 - INFO - iteration 1400 / 2000: loss 1.493697
2023-12-18 20:07:15,653 - INFO - iteration 1500 / 2000: loss 1.469434
2023-12-18 20:07:19,064 - INFO - iteration 1600 / 2000: loss 1.631583
2023-12-18 20:07:22,405 - INFO - iteration 1700 / 2000: loss 1.571146
2023-12-18 20:07:25,028 - INFO - iteration 1800 / 2000: loss 1.467535
2023-12-18 20:07:28,322 - INFO - iteration 1900 / 2000: loss 1.553305
2023-12-18 20:07:32,750 - INFO - Validation accuracy: 0.508
2023-12-18 20:07:32,898 - INFO - Test accuracy: 0.5
2023-12-18 20:07:32,898 - INFO - training improved model---------------------------------
2023-12-18 20:08:32,870 - INFO - Step 1000, Learning Rate: 0.05, loss: nan
2023-12-18 20:09:33,063 - INFO - Step 2000, Learning Rate: 0.025, loss: nan
2023-12-18 20:10:27,195 - INFO - Step 3000, Learning Rate: 0.0125, loss: nan
2023-12-18 20:11:18,625 - INFO - Step 4000, Learning Rate: 0.00625, loss: nan
2023-12-18 20:12:56,100 - INFO - Validation accuracy: 0.087
2023-12-18 20:12:56,218 - INFO - Test accuracy: 0.103
2023-12-18 20:14:10,344 - INFO - Your scores:
2023-12-18 20:14:10,344 - INFO - [[-0.81233741 -1.27654624 -0.70335995]
 [-0.17129677 -1.18803311 -0.47310444]
 [-0.51590475 -1.01354314 -0.8504215 ]
 [-0.15419291 -0.48629638 -0.52901952]
 [-0.00618733 -0.12435261 -0.15226949]]
2023-12-18 20:14:10,345 - INFO - correct scores:
2023-12-18 20:14:10,345 - INFO - [[-0.81233741 -1.27654624 -0.70335995]
 [-0.17129677 -1.18803311 -0.47310444]
 [-0.51590475 -1.01354314 -0.8504215 ]
 [-0.15419291 -0.48629638 -0.52901952]
 [-0.00618733 -0.12435261 -0.15226949]]
2023-12-18 20:14:10,345 - INFO - Difference between your scores and correct scores:
2023-12-18 20:14:10,345 - INFO - 3.6802720745909845e-08
2023-12-18 20:14:10,346 - INFO - Difference between your loss and correct loss:
2023-12-18 20:14:10,346 - INFO - 1.794120407794253e-13
2023-12-18 20:14:10,353 - INFO - W2 max relative error: 3.440708e-09
2023-12-18 20:14:10,354 - INFO - b2 max relative error: 4.447625e-11
2023-12-18 20:14:10,361 - INFO - W1 max relative error: 3.561318e-09
2023-12-18 20:14:10,362 - INFO - b1 max relative error: 2.738421e-09
2023-12-18 20:14:10,378 - INFO - Final training loss: 0.01563498761185679
2023-12-18 20:14:14,532 - INFO - Train data shape: (49000, 3072)
2023-12-18 20:14:14,533 - INFO - Train labels shape: (49000,)
2023-12-18 20:14:14,533 - INFO - Validation data shape: (1000, 3072)
2023-12-18 20:14:14,533 - INFO - Validation labels shape: (1000,)
2023-12-18 20:14:14,533 - INFO - Test data shape: (1000, 3072)
2023-12-18 20:14:14,533 - INFO - Test labels shape: (1000,)
2023-12-18 20:14:14,556 - INFO - iteration 0 / 1000: loss 2.302939
2023-12-18 20:14:15,619 - INFO - iteration 100 / 1000: loss 2.302427
2023-12-18 20:14:17,160 - INFO - iteration 200 / 1000: loss 2.298095
2023-12-18 20:14:18,824 - INFO - iteration 300 / 1000: loss 2.253179
2023-12-18 20:14:19,960 - INFO - iteration 400 / 1000: loss 2.152041
2023-12-18 20:14:21,624 - INFO - iteration 500 / 1000: loss 2.115062
2023-12-18 20:14:22,722 - INFO - iteration 600 / 1000: loss 2.067323
2023-12-18 20:14:24,206 - INFO - iteration 700 / 1000: loss 2.031150
2023-12-18 20:14:24,913 - INFO - iteration 800 / 1000: loss 1.968564
2023-12-18 20:14:25,838 - INFO - iteration 900 / 1000: loss 1.962258
2023-12-18 20:14:27,245 - INFO - Validation accuracy: 0.29
2023-12-18 20:14:27,487 - INFO - training improved model---------------------------------
2023-12-18 20:15:02,793 - INFO - Step 1000, Learning Rate: 0.09045084971874738, loss: nan
2023-12-18 20:15:16,376 - INFO - Your scores:
2023-12-18 20:15:16,376 - INFO - [[-0.81233741 -1.27654624 -0.70335995]
 [-0.17129677 -1.18803311 -0.47310444]
 [-0.51590475 -1.01354314 -0.8504215 ]
 [-0.15419291 -0.48629638 -0.52901952]
 [-0.00618733 -0.12435261 -0.15226949]]
2023-12-18 20:15:16,376 - INFO - correct scores:
2023-12-18 20:15:16,376 - INFO - [[-0.81233741 -1.27654624 -0.70335995]
 [-0.17129677 -1.18803311 -0.47310444]
 [-0.51590475 -1.01354314 -0.8504215 ]
 [-0.15419291 -0.48629638 -0.52901952]
 [-0.00618733 -0.12435261 -0.15226949]]
2023-12-18 20:15:16,377 - INFO - Difference between your scores and correct scores:
2023-12-18 20:15:16,377 - INFO - 3.6802720745909845e-08
2023-12-18 20:15:16,377 - INFO - Difference between your loss and correct loss:
2023-12-18 20:15:16,377 - INFO - 1.794120407794253e-13
2023-12-18 20:15:16,385 - INFO - W2 max relative error: 3.440708e-09
2023-12-18 20:15:16,386 - INFO - b2 max relative error: 4.447625e-11
2023-12-18 20:15:16,394 - INFO - W1 max relative error: 3.561318e-09
2023-12-18 20:15:16,397 - INFO - b1 max relative error: 2.738421e-09
2023-12-18 20:15:16,415 - INFO - Final training loss: 0.01563498761185679
2023-12-18 20:15:21,048 - INFO - Train data shape: (49000, 3072)
2023-12-18 20:15:21,049 - INFO - Train labels shape: (49000,)
2023-12-18 20:15:21,049 - INFO - Validation data shape: (1000, 3072)
2023-12-18 20:15:21,049 - INFO - Validation labels shape: (1000,)
2023-12-18 20:15:21,049 - INFO - Test data shape: (1000, 3072)
2023-12-18 20:15:21,049 - INFO - Test labels shape: (1000,)
2023-12-18 20:15:21,064 - INFO - iteration 0 / 1000: loss 2.302939
2023-12-18 20:15:22,680 - INFO - iteration 100 / 1000: loss 2.302427
2023-12-18 20:15:23,968 - INFO - iteration 200 / 1000: loss 2.298095
2023-12-18 20:15:25,527 - INFO - iteration 300 / 1000: loss 2.253179
2023-12-18 20:15:26,916 - INFO - iteration 400 / 1000: loss 2.152041
2023-12-18 20:15:28,049 - INFO - iteration 500 / 1000: loss 2.115062
2023-12-18 20:15:29,074 - INFO - iteration 600 / 1000: loss 2.067323
2023-12-18 20:15:30,743 - INFO - iteration 700 / 1000: loss 2.031150
2023-12-18 20:15:31,655 - INFO - iteration 800 / 1000: loss 1.968564
2023-12-18 20:15:32,581 - INFO - iteration 900 / 1000: loss 1.962258
2023-12-18 20:15:34,002 - INFO - Validation accuracy: 0.29
2023-12-18 20:15:34,279 - INFO - training improved model---------------------------------
2023-12-18 20:16:12,617 - INFO - Step 1000, Learning Rate: 0.0018090169943749475, loss: 1.412570748405908
2023-12-18 20:16:50,590 - INFO - Step 2000, Learning Rate: 0.0013090169943749475, loss: 1.5873142607497357
2023-12-18 20:17:24,318 - INFO - Step 3000, Learning Rate: 0.0006909830056250527, loss: 1.314220877162677
2023-12-18 20:18:01,295 - INFO - Step 4000, Learning Rate: 0.00019098300562505265, loss: 1.2907676938561148
2023-12-18 20:18:01,309 - INFO - Validation accuracy: 0.556
2023-12-18 20:18:01,457 - INFO - Test accuracy: 0.554
